[0.029s] Invoking command in '/home/trucnv/Documents/robot_dev/linorobot2_ws/build/linorobot2_navigation': CMAKE_PREFIX_PATH=/opt/ros/humble /usr/bin/cmake /home/trucnv/Documents/robot_dev/linorobot2_ws/src/linorobot2/linorobot2_navigation -DAMENT_CMAKE_SYMLINK_INSTALL=1 -DCMAKE_INSTALL_PREFIX=/home/trucnv/Documents/robot_dev/linorobot2_ws/install/linorobot2_navigation
[0.148s] -- The C compiler identification is GNU 11.4.0
[0.196s] -- The CXX compiler identification is GNU 11.4.0
[0.277s] -- Detecting C compiler ABI info
[0.443s] -- Detecting C compiler ABI info - done
[0.450s] -- Check for working C compiler: /usr/bin/cc - skipped
[0.481s] -- Detecting C compile features
[0.482s] -- Detecting C compile features - done
[0.488s] -- Detecting CXX compiler ABI info
[0.578s] -- Detecting CXX compiler ABI info - done
[0.587s] -- Check for working CXX compiler: /usr/bin/c++ - skipped
[0.588s] -- Detecting CXX compile features
[0.588s] -- Detecting CXX compile features - done
[0.591s] -- Found ament_cmake: 1.3.14 (/opt/ros/humble/share/ament_cmake/cmake)
[0.719s] -- Found Python3: /usr/bin/python3 (found version "3.10.12") found components: Interpreter 
[0.781s] -- Override CMake install command with custom implementation using symlinks instead of copying resources
[0.847s] -- Configuring done
[0.850s] -- Generating done
[0.852s] -- Build files have been written to: /home/trucnv/Documents/robot_dev/linorobot2_ws/build/linorobot2_navigation
[0.856s] Invoked command in '/home/trucnv/Documents/robot_dev/linorobot2_ws/build/linorobot2_navigation' returned '0': CMAKE_PREFIX_PATH=/opt/ros/humble /usr/bin/cmake /home/trucnv/Documents/robot_dev/linorobot2_ws/src/linorobot2/linorobot2_navigation -DAMENT_CMAKE_SYMLINK_INSTALL=1 -DCMAKE_INSTALL_PREFIX=/home/trucnv/Documents/robot_dev/linorobot2_ws/install/linorobot2_navigation
[0.857s] Invoking command in '/home/trucnv/Documents/robot_dev/linorobot2_ws/build/linorobot2_navigation': CMAKE_PREFIX_PATH=/opt/ros/humble /usr/bin/cmake --build /home/trucnv/Documents/robot_dev/linorobot2_ws/build/linorobot2_navigation -- -j16 -l16
[0.893s] Invoked command in '/home/trucnv/Documents/robot_dev/linorobot2_ws/build/linorobot2_navigation' returned '0': CMAKE_PREFIX_PATH=/opt/ros/humble /usr/bin/cmake --build /home/trucnv/Documents/robot_dev/linorobot2_ws/build/linorobot2_navigation -- -j16 -l16
[0.894s] Invoking command in '/home/trucnv/Documents/robot_dev/linorobot2_ws/build/linorobot2_navigation': CMAKE_PREFIX_PATH=/opt/ros/humble /usr/bin/cmake --install /home/trucnv/Documents/robot_dev/linorobot2_ws/build/linorobot2_navigation
[0.903s] -- Install configuration: ""
[0.904s] -- Execute custom install script
[0.904s] -- Symlinking: /home/trucnv/Documents/robot_dev/linorobot2_ws/install/linorobot2_navigation/share/linorobot2_navigation/launch/navigation.launch.py
[0.912s] -- Symlinking: /home/trucnv/Documents/robot_dev/linorobot2_ws/install/linorobot2_navigation/share/linorobot2_navigation/launch/slam.launch.py
[0.918s] -- Symlinking: /home/trucnv/Documents/robot_dev/linorobot2_ws/install/linorobot2_navigation/share/linorobot2_navigation/rviz/linorobot2_navigation.rviz
[0.924s] -- Symlinking: /home/trucnv/Documents/robot_dev/linorobot2_ws/install/linorobot2_navigation/share/linorobot2_navigation/rviz/linorobot2_navigation_minimal.rviz
[0.931s] -- Symlinking: /home/trucnv/Documents/robot_dev/linorobot2_ws/install/linorobot2_navigation/share/linorobot2_navigation/rviz/linorobot2_slam.rviz
[0.938s] -- Symlinking: /home/trucnv/Documents/robot_dev/linorobot2_ws/install/linorobot2_navigation/share/linorobot2_navigation/config/navigation.yaml
[0.944s] -- Symlinking: /home/trucnv/Documents/robot_dev/linorobot2_ws/install/linorobot2_navigation/share/linorobot2_navigation/config/slam.yaml
[0.951s] -- Symlinking: /home/trucnv/Documents/robot_dev/linorobot2_ws/install/linorobot2_navigation/share/linorobot2_navigation/maps/map.pgm
[0.957s] -- Symlinking: /home/trucnv/Documents/robot_dev/linorobot2_ws/install/linorobot2_navigation/share/linorobot2_navigation/maps/map.yaml
[0.962s] -- Symlinking: /home/trucnv/Documents/robot_dev/linorobot2_ws/install/linorobot2_navigation/share/linorobot2_navigation/maps/playground.pgm
[0.968s] -- Symlinking: /home/trucnv/Documents/robot_dev/linorobot2_ws/install/linorobot2_navigation/share/linorobot2_navigation/maps/playground.yaml
[0.974s] -- Symlinking: /home/trucnv/Documents/robot_dev/linorobot2_ws/install/linorobot2_navigation/share/linorobot2_navigation/maps/turtlebot3_world.pgm
[0.979s] -- Symlinking: /home/trucnv/Documents/robot_dev/linorobot2_ws/install/linorobot2_navigation/share/linorobot2_navigation/maps/turtlebot3_world.yaml
[0.988s] -- Symlinking: /home/trucnv/Documents/robot_dev/linorobot2_ws/install/linorobot2_navigation/share/ament_index/resource_index/package_run_dependencies/linorobot2_navigation
[0.992s] -- Symlinking: /home/trucnv/Documents/robot_dev/linorobot2_ws/install/linorobot2_navigation/share/ament_index/resource_index/parent_prefix_path/linorobot2_navigation
[1.054s] -- Symlinking: /home/trucnv/Documents/robot_dev/linorobot2_ws/install/linorobot2_navigation/share/linorobot2_navigation/environment/ament_prefix_path.sh
[1.070s] -- Symlinking: /home/trucnv/Documents/robot_dev/linorobot2_ws/install/linorobot2_navigation/share/linorobot2_navigation/environment/ament_prefix_path.dsv
[1.083s] -- Symlinking: /home/trucnv/Documents/robot_dev/linorobot2_ws/install/linorobot2_navigation/share/linorobot2_navigation/environment/path.sh
[1.093s] -- Symlinking: /home/trucnv/Documents/robot_dev/linorobot2_ws/install/linorobot2_navigation/share/linorobot2_navigation/environment/path.dsv
[1.110s] -- Symlinking: /home/trucnv/Documents/robot_dev/linorobot2_ws/install/linorobot2_navigation/share/linorobot2_navigation/local_setup.bash
[1.123s] -- Symlinking: /home/trucnv/Documents/robot_dev/linorobot2_ws/install/linorobot2_navigation/share/linorobot2_navigation/local_setup.sh
[1.138s] -- Symlinking: /home/trucnv/Documents/robot_dev/linorobot2_ws/install/linorobot2_navigation/share/linorobot2_navigation/local_setup.zsh
[1.150s] -- Symlinking: /home/trucnv/Documents/robot_dev/linorobot2_ws/install/linorobot2_navigation/share/linorobot2_navigation/local_setup.dsv
[1.158s] -- Symlinking: /home/trucnv/Documents/robot_dev/linorobot2_ws/install/linorobot2_navigation/share/linorobot2_navigation/package.dsv
[1.166s] -- Symlinking: /home/trucnv/Documents/robot_dev/linorobot2_ws/install/linorobot2_navigation/share/ament_index/resource_index/packages/linorobot2_navigation
[1.173s] -- Symlinking: /home/trucnv/Documents/robot_dev/linorobot2_ws/install/linorobot2_navigation/share/linorobot2_navigation/cmake/linorobot2_navigationConfig.cmake
[1.178s] -- Symlinking: /home/trucnv/Documents/robot_dev/linorobot2_ws/install/linorobot2_navigation/share/linorobot2_navigation/cmake/linorobot2_navigationConfig-version.cmake
[1.184s] -- Symlinking: /home/trucnv/Documents/robot_dev/linorobot2_ws/install/linorobot2_navigation/share/linorobot2_navigation/package.xml
[1.194s] Invoked command in '/home/trucnv/Documents/robot_dev/linorobot2_ws/build/linorobot2_navigation' returned '0': CMAKE_PREFIX_PATH=/opt/ros/humble /usr/bin/cmake --install /home/trucnv/Documents/robot_dev/linorobot2_ws/build/linorobot2_navigation
