[0.683s] Invoking command in '/home/trucnv/Documents/robot_dev/linorobot2_ws/build/linorobot2_gazebo': PYTHONPATH=/home/trucnv/Documents/robot_dev/linorobot2_ws/build/linorobot2_gazebo/prefix_override:/usr/lib/python3/dist-packages/colcon_core/task/python/colcon_distutils_commands:/home/trucnv/Documents/robot_dev/linorobot2_ws/install/linorobot2_gazebo/lib/python3.10/site-packages:${PYTHONPATH} /usr/bin/python3 -W ignore:setup.py install is deprecated -W ignore:easy_install command is deprecated setup.py develop --editable --build-directory /home/trucnv/Documents/robot_dev/linorobot2_ws/build/linorobot2_gazebo/build --no-deps symlink_data
[0.878s] running develop
[1.027s] running egg_info
[1.027s] writing linorobot2_gazebo.egg-info/PKG-INFO
[1.027s] writing dependency_links to linorobot2_gazebo.egg-info/dependency_links.txt
[1.027s] writing entry points to linorobot2_gazebo.egg-info/entry_points.txt
[1.027s] writing top-level names to linorobot2_gazebo.egg-info/top_level.txt
[1.029s] reading manifest file 'linorobot2_gazebo.egg-info/SOURCES.txt'
[1.032s] writing manifest file 'linorobot2_gazebo.egg-info/SOURCES.txt'
[1.033s] running build_ext
[1.033s] Creating /home/trucnv/Documents/robot_dev/linorobot2_ws/install/linorobot2_gazebo/lib/python3.10/site-packages/linorobot2-gazebo.egg-link (link to .)
[1.034s] Installing command_timeout script to /home/trucnv/Documents/robot_dev/linorobot2_ws/install/linorobot2_gazebo/lib/linorobot2_gazebo
[1.034s] Installing create_worlds_from_maps script to /home/trucnv/Documents/robot_dev/linorobot2_ws/install/linorobot2_gazebo/lib/linorobot2_gazebo
[1.034s] Installing image_to_gazebo script to /home/trucnv/Documents/robot_dev/linorobot2_ws/install/linorobot2_gazebo/lib/linorobot2_gazebo
[1.034s] Installing map_to_gazebo script to /home/trucnv/Documents/robot_dev/linorobot2_ws/install/linorobot2_gazebo/lib/linorobot2_gazebo
[1.034s] 
[1.034s] Installed /home/trucnv/Documents/robot_dev/linorobot2_ws/build/linorobot2_gazebo
[1.034s] running symlink_data
[1.034s] symbolically linking /home/trucnv/Documents/robot_dev/linorobot2_ws/build/linorobot2_gazebo/worlds/demo_world.sdf -> /home/trucnv/Documents/robot_dev/linorobot2_ws/install/linorobot2_gazebo/share/linorobot2_gazebo/worlds
[1.055s] Invoked command in '/home/trucnv/Documents/robot_dev/linorobot2_ws/build/linorobot2_gazebo' returned '0': PYTHONPATH=/home/trucnv/Documents/robot_dev/linorobot2_ws/build/linorobot2_gazebo/prefix_override:/usr/lib/python3/dist-packages/colcon_core/task/python/colcon_distutils_commands:/home/trucnv/Documents/robot_dev/linorobot2_ws/install/linorobot2_gazebo/lib/python3.10/site-packages:${PYTHONPATH} /usr/bin/python3 -W ignore:setup.py install is deprecated -W ignore:easy_install command is deprecated setup.py develop --editable --build-directory /home/trucnv/Documents/robot_dev/linorobot2_ws/build/linorobot2_gazebo/build --no-deps symlink_data
