[0.034s] Invoking command in '/home/trucnv/Documents/robot_dev/linorobot2_ws/build/linorobot2_bringup': AMENT_PREFIX_PATH=/home/trucnv/Documents/robot_dev/linorobot2_ws/install/micro_ros_agent:/home/trucnv/Documents/robot_dev/linorobot2_ws/install/micro_ros_msgs:${AMENT_PREFIX_PATH} CMAKE_PREFIX_PATH=/home/trucnv/Documents/robot_dev/linorobot2_ws/install/micro_ros_agent:/home/trucnv/Documents/robot_dev/linorobot2_ws/install/micro_ros_msgs:/opt/ros/humble LD_LIBRARY_PATH=/home/trucnv/Documents/robot_dev/linorobot2_ws/install/micro_ros_agent/lib:/home/trucnv/Documents/robot_dev/linorobot2_ws/install/micro_ros_msgs/lib:${LD_LIBRARY_PATH} PYTHONPATH=/home/trucnv/Documents/robot_dev/linorobot2_ws/install/micro_ros_msgs/local/lib/python3.10/dist-packages:${PYTHONPATH} /usr/bin/cmake /home/trucnv/Documents/robot_dev/linorobot2_ws/src/linorobot2/linorobot2_bringup -DAMENT_CMAKE_SYMLINK_INSTALL=1 -DCMAKE_INSTALL_PREFIX=/home/trucnv/Documents/robot_dev/linorobot2_ws/install/linorobot2_bringup
[0.138s] -- The C compiler identification is GNU 11.4.0
[0.187s] -- The CXX compiler identification is GNU 11.4.0
[0.267s] -- Detecting C compiler ABI info
[0.441s] -- Detecting C compiler ABI info - done
[0.447s] -- Check for working C compiler: /usr/bin/cc - skipped
[0.470s] -- Detecting C compile features
[0.471s] -- Detecting C compile features - done
[0.475s] -- Detecting CXX compiler ABI info
[0.565s] -- Detecting CXX compiler ABI info - done
[0.570s] -- Check for working CXX compiler: /usr/bin/c++ - skipped
[0.570s] -- Detecting CXX compile features
[0.571s] -- Detecting CXX compile features - done
[0.572s] -- Found ament_cmake: 1.3.14 (/opt/ros/humble/share/ament_cmake/cmake)
[0.682s] -- Found Python3: /usr/bin/python3 (found version "3.10.12") found components: Interpreter 
[0.748s] -- Override CMake install command with custom implementation using symlinks instead of copying resources
[0.813s] -- Configuring done
[0.824s] -- Generating done
[0.825s] -- Build files have been written to: /home/trucnv/Documents/robot_dev/linorobot2_ws/build/linorobot2_bringup
[0.831s] Invoked command in '/home/trucnv/Documents/robot_dev/linorobot2_ws/build/linorobot2_bringup' returned '0': AMENT_PREFIX_PATH=/home/trucnv/Documents/robot_dev/linorobot2_ws/install/micro_ros_agent:/home/trucnv/Documents/robot_dev/linorobot2_ws/install/micro_ros_msgs:${AMENT_PREFIX_PATH} CMAKE_PREFIX_PATH=/home/trucnv/Documents/robot_dev/linorobot2_ws/install/micro_ros_agent:/home/trucnv/Documents/robot_dev/linorobot2_ws/install/micro_ros_msgs:/opt/ros/humble LD_LIBRARY_PATH=/home/trucnv/Documents/robot_dev/linorobot2_ws/install/micro_ros_agent/lib:/home/trucnv/Documents/robot_dev/linorobot2_ws/install/micro_ros_msgs/lib:${LD_LIBRARY_PATH} PYTHONPATH=/home/trucnv/Documents/robot_dev/linorobot2_ws/install/micro_ros_msgs/local/lib/python3.10/dist-packages:${PYTHONPATH} /usr/bin/cmake /home/trucnv/Documents/robot_dev/linorobot2_ws/src/linorobot2/linorobot2_bringup -DAMENT_CMAKE_SYMLINK_INSTALL=1 -DCMAKE_INSTALL_PREFIX=/home/trucnv/Documents/robot_dev/linorobot2_ws/install/linorobot2_bringup
[0.832s] Invoking command in '/home/trucnv/Documents/robot_dev/linorobot2_ws/build/linorobot2_bringup': AMENT_PREFIX_PATH=/home/trucnv/Documents/robot_dev/linorobot2_ws/install/micro_ros_agent:/home/trucnv/Documents/robot_dev/linorobot2_ws/install/micro_ros_msgs:${AMENT_PREFIX_PATH} CMAKE_PREFIX_PATH=/home/trucnv/Documents/robot_dev/linorobot2_ws/install/micro_ros_agent:/home/trucnv/Documents/robot_dev/linorobot2_ws/install/micro_ros_msgs:/opt/ros/humble LD_LIBRARY_PATH=/home/trucnv/Documents/robot_dev/linorobot2_ws/install/micro_ros_agent/lib:/home/trucnv/Documents/robot_dev/linorobot2_ws/install/micro_ros_msgs/lib:${LD_LIBRARY_PATH} PYTHONPATH=/home/trucnv/Documents/robot_dev/linorobot2_ws/install/micro_ros_msgs/local/lib/python3.10/dist-packages:${PYTHONPATH} /usr/bin/cmake --build /home/trucnv/Documents/robot_dev/linorobot2_ws/build/linorobot2_bringup -- -j16 -l16
[0.877s] Invoked command in '/home/trucnv/Documents/robot_dev/linorobot2_ws/build/linorobot2_bringup' returned '0': AMENT_PREFIX_PATH=/home/trucnv/Documents/robot_dev/linorobot2_ws/install/micro_ros_agent:/home/trucnv/Documents/robot_dev/linorobot2_ws/install/micro_ros_msgs:${AMENT_PREFIX_PATH} CMAKE_PREFIX_PATH=/home/trucnv/Documents/robot_dev/linorobot2_ws/install/micro_ros_agent:/home/trucnv/Documents/robot_dev/linorobot2_ws/install/micro_ros_msgs:/opt/ros/humble LD_LIBRARY_PATH=/home/trucnv/Documents/robot_dev/linorobot2_ws/install/micro_ros_agent/lib:/home/trucnv/Documents/robot_dev/linorobot2_ws/install/micro_ros_msgs/lib:${LD_LIBRARY_PATH} PYTHONPATH=/home/trucnv/Documents/robot_dev/linorobot2_ws/install/micro_ros_msgs/local/lib/python3.10/dist-packages:${PYTHONPATH} /usr/bin/cmake --build /home/trucnv/Documents/robot_dev/linorobot2_ws/build/linorobot2_bringup -- -j16 -l16
[0.879s] Invoking command in '/home/trucnv/Documents/robot_dev/linorobot2_ws/build/linorobot2_bringup': AMENT_PREFIX_PATH=/home/trucnv/Documents/robot_dev/linorobot2_ws/install/micro_ros_agent:/home/trucnv/Documents/robot_dev/linorobot2_ws/install/micro_ros_msgs:${AMENT_PREFIX_PATH} CMAKE_PREFIX_PATH=/home/trucnv/Documents/robot_dev/linorobot2_ws/install/micro_ros_agent:/home/trucnv/Documents/robot_dev/linorobot2_ws/install/micro_ros_msgs:/opt/ros/humble LD_LIBRARY_PATH=/home/trucnv/Documents/robot_dev/linorobot2_ws/install/micro_ros_agent/lib:/home/trucnv/Documents/robot_dev/linorobot2_ws/install/micro_ros_msgs/lib:${LD_LIBRARY_PATH} PYTHONPATH=/home/trucnv/Documents/robot_dev/linorobot2_ws/install/micro_ros_msgs/local/lib/python3.10/dist-packages:${PYTHONPATH} /usr/bin/cmake --install /home/trucnv/Documents/robot_dev/linorobot2_ws/build/linorobot2_bringup
[0.885s] -- Install configuration: ""
[0.885s] -- Execute custom install script
[0.885s] -- Symlinking: /home/trucnv/Documents/robot_dev/linorobot2_ws/install/linorobot2_bringup/share/linorobot2_bringup/launch/bringup.launch.py
[0.892s] -- Symlinking: /home/trucnv/Documents/robot_dev/linorobot2_ws/install/linorobot2_bringup/share/linorobot2_bringup/launch/custom_robot.launch.py
[0.900s] -- Symlinking: /home/trucnv/Documents/robot_dev/linorobot2_ws/install/linorobot2_bringup/share/linorobot2_bringup/launch/default_robot.launch.py
[0.906s] -- Symlinking: /home/trucnv/Documents/robot_dev/linorobot2_ws/install/linorobot2_bringup/share/linorobot2_bringup/launch/depth.launch.py
[0.916s] -- Symlinking: /home/trucnv/Documents/robot_dev/linorobot2_ws/install/linorobot2_bringup/share/linorobot2_bringup/launch/extra.launch.py
[0.922s] -- Symlinking: /home/trucnv/Documents/robot_dev/linorobot2_ws/install/linorobot2_bringup/share/linorobot2_bringup/launch/joy_teleop.launch.py
[0.928s] -- Symlinking: /home/trucnv/Documents/robot_dev/linorobot2_ws/install/linorobot2_bringup/share/linorobot2_bringup/launch/lasers.launch.py
[0.934s] -- Symlinking: /home/trucnv/Documents/robot_dev/linorobot2_ws/install/linorobot2_bringup/share/linorobot2_bringup/launch/sensors.launch.py
[0.940s] -- Symlinking: /home/trucnv/Documents/robot_dev/linorobot2_ws/install/linorobot2_bringup/share/linorobot2_bringup/config/box_laser_filter.yaml
[0.946s] -- Symlinking: /home/trucnv/Documents/robot_dev/linorobot2_ws/install/linorobot2_bringup/share/linorobot2_bringup/config/fake_laser.yaml
[0.951s] -- Symlinking: /home/trucnv/Documents/robot_dev/linorobot2_ws/install/linorobot2_bringup/share/linorobot2_bringup/config/joy.yaml
[0.957s] -- Symlinking: /home/trucnv/Documents/robot_dev/linorobot2_ws/install/linorobot2_bringup/share/linorobot2_bringup/config/zed_common.yaml
[0.963s] -- Symlinking: /home/trucnv/Documents/robot_dev/linorobot2_ws/install/linorobot2_bringup/share/ament_index/resource_index/package_run_dependencies/linorobot2_bringup
[0.969s] -- Symlinking: /home/trucnv/Documents/robot_dev/linorobot2_ws/install/linorobot2_bringup/share/ament_index/resource_index/parent_prefix_path/linorobot2_bringup
[0.975s] -- Symlinking: /home/trucnv/Documents/robot_dev/linorobot2_ws/install/linorobot2_bringup/share/linorobot2_bringup/environment/ament_prefix_path.sh
[0.981s] -- Symlinking: /home/trucnv/Documents/robot_dev/linorobot2_ws/install/linorobot2_bringup/share/linorobot2_bringup/environment/ament_prefix_path.dsv
[0.987s] -- Symlinking: /home/trucnv/Documents/robot_dev/linorobot2_ws/install/linorobot2_bringup/share/linorobot2_bringup/environment/path.sh
[1.044s] -- Symlinking: /home/trucnv/Documents/robot_dev/linorobot2_ws/install/linorobot2_bringup/share/linorobot2_bringup/environment/path.dsv
[1.058s] -- Symlinking: /home/trucnv/Documents/robot_dev/linorobot2_ws/install/linorobot2_bringup/share/linorobot2_bringup/local_setup.bash
[1.072s] -- Symlinking: /home/trucnv/Documents/robot_dev/linorobot2_ws/install/linorobot2_bringup/share/linorobot2_bringup/local_setup.sh
[1.082s] -- Symlinking: /home/trucnv/Documents/robot_dev/linorobot2_ws/install/linorobot2_bringup/share/linorobot2_bringup/local_setup.zsh
[1.094s] -- Symlinking: /home/trucnv/Documents/robot_dev/linorobot2_ws/install/linorobot2_bringup/share/linorobot2_bringup/local_setup.dsv
[1.107s] -- Symlinking: /home/trucnv/Documents/robot_dev/linorobot2_ws/install/linorobot2_bringup/share/linorobot2_bringup/package.dsv
[1.121s] -- Symlinking: /home/trucnv/Documents/robot_dev/linorobot2_ws/install/linorobot2_bringup/share/ament_index/resource_index/packages/linorobot2_bringup
[1.132s] -- Symlinking: /home/trucnv/Documents/robot_dev/linorobot2_ws/install/linorobot2_bringup/share/linorobot2_bringup/cmake/linorobot2_bringupConfig.cmake
[1.143s] -- Symlinking: /home/trucnv/Documents/robot_dev/linorobot2_ws/install/linorobot2_bringup/share/linorobot2_bringup/cmake/linorobot2_bringupConfig-version.cmake
[1.155s] -- Symlinking: /home/trucnv/Documents/robot_dev/linorobot2_ws/install/linorobot2_bringup/share/linorobot2_bringup/package.xml
[1.164s] Invoked command in '/home/trucnv/Documents/robot_dev/linorobot2_ws/build/linorobot2_bringup' returned '0': AMENT_PREFIX_PATH=/home/trucnv/Documents/robot_dev/linorobot2_ws/install/micro_ros_agent:/home/trucnv/Documents/robot_dev/linorobot2_ws/install/micro_ros_msgs:${AMENT_PREFIX_PATH} CMAKE_PREFIX_PATH=/home/trucnv/Documents/robot_dev/linorobot2_ws/install/micro_ros_agent:/home/trucnv/Documents/robot_dev/linorobot2_ws/install/micro_ros_msgs:/opt/ros/humble LD_LIBRARY_PATH=/home/trucnv/Documents/robot_dev/linorobot2_ws/install/micro_ros_agent/lib:/home/trucnv/Documents/robot_dev/linorobot2_ws/install/micro_ros_msgs/lib:${LD_LIBRARY_PATH} PYTHONPATH=/home/trucnv/Documents/robot_dev/linorobot2_ws/install/micro_ros_msgs/local/lib/python3.10/dist-packages:${PYTHONPATH} /usr/bin/cmake --install /home/trucnv/Documents/robot_dev/linorobot2_ws/build/linorobot2_bringup
