[0.027s] Invoking command in '/home/trucnv/Documents/robot_dev/linorobot2_ws/build/linorobot2_base': CMAKE_PREFIX_PATH=/opt/ros/humble /usr/bin/cmake /home/trucnv/Documents/robot_dev/linorobot2_ws/src/linorobot2/linorobot2_base -DAMENT_CMAKE_SYMLINK_INSTALL=1 -DCMAKE_INSTALL_PREFIX=/home/trucnv/Documents/robot_dev/linorobot2_ws/install/linorobot2_base
[0.152s] -- The C compiler identification is GNU 11.4.0
[0.201s] -- The CXX compiler identification is GNU 11.4.0
[0.282s] -- Detecting C compiler ABI info
[0.448s] -- Detecting C compiler ABI info - done
[0.454s] -- Check for working C compiler: /usr/bin/cc - skipped
[0.484s] -- Detecting C compile features
[0.486s] -- Detecting C compile features - done
[0.490s] -- Detecting CXX compiler ABI info
[0.585s] -- Detecting CXX compiler ABI info - done
[0.590s] -- Check for working CXX compiler: /usr/bin/c++ - skipped
[0.590s] -- Detecting CXX compile features
[0.591s] -- Detecting CXX compile features - done
[0.592s] -- Found ament_cmake: 1.3.14 (/opt/ros/humble/share/ament_cmake/cmake)
[0.711s] -- Found Python3: /usr/bin/python3 (found version "3.10.12") found components: Interpreter 
[0.756s] -- Override CMake install command with custom implementation using symlinks instead of copying resources
[0.829s] -- Configuring done
[0.839s] -- Generating done
[0.840s] -- Build files have been written to: /home/trucnv/Documents/robot_dev/linorobot2_ws/build/linorobot2_base
[0.844s] Invoked command in '/home/trucnv/Documents/robot_dev/linorobot2_ws/build/linorobot2_base' returned '0': CMAKE_PREFIX_PATH=/opt/ros/humble /usr/bin/cmake /home/trucnv/Documents/robot_dev/linorobot2_ws/src/linorobot2/linorobot2_base -DAMENT_CMAKE_SYMLINK_INSTALL=1 -DCMAKE_INSTALL_PREFIX=/home/trucnv/Documents/robot_dev/linorobot2_ws/install/linorobot2_base
[0.846s] Invoking command in '/home/trucnv/Documents/robot_dev/linorobot2_ws/build/linorobot2_base': CMAKE_PREFIX_PATH=/opt/ros/humble /usr/bin/cmake --build /home/trucnv/Documents/robot_dev/linorobot2_ws/build/linorobot2_base -- -j16 -l16
[0.880s] Invoked command in '/home/trucnv/Documents/robot_dev/linorobot2_ws/build/linorobot2_base' returned '0': CMAKE_PREFIX_PATH=/opt/ros/humble /usr/bin/cmake --build /home/trucnv/Documents/robot_dev/linorobot2_ws/build/linorobot2_base -- -j16 -l16
[0.891s] Invoking command in '/home/trucnv/Documents/robot_dev/linorobot2_ws/build/linorobot2_base': CMAKE_PREFIX_PATH=/opt/ros/humble /usr/bin/cmake --install /home/trucnv/Documents/robot_dev/linorobot2_ws/build/linorobot2_base
[0.900s] -- Install configuration: ""
[0.900s] -- Execute custom install script
[0.902s] -- Symlinking: /home/trucnv/Documents/robot_dev/linorobot2_ws/install/linorobot2_base/share/linorobot2_base/config/ekf.yaml
[0.909s] -- Symlinking: /home/trucnv/Documents/robot_dev/linorobot2_ws/install/linorobot2_base/share/ament_index/resource_index/package_run_dependencies/linorobot2_base
[0.915s] -- Symlinking: /home/trucnv/Documents/robot_dev/linorobot2_ws/install/linorobot2_base/share/ament_index/resource_index/parent_prefix_path/linorobot2_base
[0.923s] -- Symlinking: /home/trucnv/Documents/robot_dev/linorobot2_ws/install/linorobot2_base/share/linorobot2_base/environment/ament_prefix_path.sh
[0.929s] -- Symlinking: /home/trucnv/Documents/robot_dev/linorobot2_ws/install/linorobot2_base/share/linorobot2_base/environment/ament_prefix_path.dsv
[0.935s] -- Symlinking: /home/trucnv/Documents/robot_dev/linorobot2_ws/install/linorobot2_base/share/linorobot2_base/environment/path.sh
[0.942s] -- Symlinking: /home/trucnv/Documents/robot_dev/linorobot2_ws/install/linorobot2_base/share/linorobot2_base/environment/path.dsv
[0.949s] -- Symlinking: /home/trucnv/Documents/robot_dev/linorobot2_ws/install/linorobot2_base/share/linorobot2_base/local_setup.bash
[0.955s] -- Symlinking: /home/trucnv/Documents/robot_dev/linorobot2_ws/install/linorobot2_base/share/linorobot2_base/local_setup.sh
[0.961s] -- Symlinking: /home/trucnv/Documents/robot_dev/linorobot2_ws/install/linorobot2_base/share/linorobot2_base/local_setup.zsh
[0.967s] -- Symlinking: /home/trucnv/Documents/robot_dev/linorobot2_ws/install/linorobot2_base/share/linorobot2_base/local_setup.dsv
[0.973s] -- Symlinking: /home/trucnv/Documents/robot_dev/linorobot2_ws/install/linorobot2_base/share/linorobot2_base/package.dsv
[0.978s] -- Symlinking: /home/trucnv/Documents/robot_dev/linorobot2_ws/install/linorobot2_base/share/ament_index/resource_index/packages/linorobot2_base
[0.984s] -- Symlinking: /home/trucnv/Documents/robot_dev/linorobot2_ws/install/linorobot2_base/share/linorobot2_base/cmake/linorobot2_baseConfig.cmake
[0.989s] -- Symlinking: /home/trucnv/Documents/robot_dev/linorobot2_ws/install/linorobot2_base/share/linorobot2_base/cmake/linorobot2_baseConfig-version.cmake
[0.998s] -- Symlinking: /home/trucnv/Documents/robot_dev/linorobot2_ws/install/linorobot2_base/share/linorobot2_base/package.xml
[1.088s] Invoked command in '/home/trucnv/Documents/robot_dev/linorobot2_ws/build/linorobot2_base' returned '0': CMAKE_PREFIX_PATH=/opt/ros/humble /usr/bin/cmake --install /home/trucnv/Documents/robot_dev/linorobot2_ws/build/linorobot2_base
