[0.721s] Invoking command in '/home/trucnv/Documents/robot_dev/linorobot2_ws/build/linorobot2_gazebo': PYTHONPATH=/home/trucnv/Documents/robot_dev/linorobot2_ws/build/linorobot2_gazebo/prefix_override:/usr/lib/python3/dist-packages/colcon_core/task/python/colcon_distutils_commands:/home/trucnv/Documents/robot_dev/linorobot2_ws/install/linorobot2_gazebo/lib/python3.10/site-packages:${PYTHONPATH} /usr/bin/python3 -W ignore:setup.py install is deprecated -W ignore:easy_install command is deprecated setup.py develop --editable --build-directory /home/trucnv/Documents/robot_dev/linorobot2_ws/build/linorobot2_gazebo/build --no-deps symlink_data
[0.917s] running develop
[1.062s] running egg_info
[1.062s] creating linorobot2_gazebo.egg-info
[1.062s] writing linorobot2_gazebo.egg-info/PKG-INFO
[1.063s] writing dependency_links to linorobot2_gazebo.egg-info/dependency_links.txt
[1.063s] writing entry points to linorobot2_gazebo.egg-info/entry_points.txt
[1.063s] writing top-level names to linorobot2_gazebo.egg-info/top_level.txt
[1.063s] writing manifest file 'linorobot2_gazebo.egg-info/SOURCES.txt'
[1.064s] reading manifest file 'linorobot2_gazebo.egg-info/SOURCES.txt'
[1.064s] writing manifest file 'linorobot2_gazebo.egg-info/SOURCES.txt'
[1.065s] running build_ext
[1.065s] Creating /home/trucnv/Documents/robot_dev/linorobot2_ws/install/linorobot2_gazebo/lib/python3.10/site-packages/linorobot2-gazebo.egg-link (link to .)
[1.066s] Installing command_timeout script to /home/trucnv/Documents/robot_dev/linorobot2_ws/install/linorobot2_gazebo/lib/linorobot2_gazebo
[1.066s] Installing create_worlds_from_maps script to /home/trucnv/Documents/robot_dev/linorobot2_ws/install/linorobot2_gazebo/lib/linorobot2_gazebo
[1.066s] Installing image_to_gazebo script to /home/trucnv/Documents/robot_dev/linorobot2_ws/install/linorobot2_gazebo/lib/linorobot2_gazebo
[1.066s] Installing map_to_gazebo script to /home/trucnv/Documents/robot_dev/linorobot2_ws/install/linorobot2_gazebo/lib/linorobot2_gazebo
[1.066s] 
[1.066s] Installed /home/trucnv/Documents/robot_dev/linorobot2_ws/build/linorobot2_gazebo
[1.066s] running symlink_data
[1.066s] creating /home/trucnv/Documents/robot_dev/linorobot2_ws/install/linorobot2_gazebo/share/ament_index
[1.067s] creating /home/trucnv/Documents/robot_dev/linorobot2_ws/install/linorobot2_gazebo/share/ament_index/resource_index
[1.067s] creating /home/trucnv/Documents/robot_dev/linorobot2_ws/install/linorobot2_gazebo/share/ament_index/resource_index/packages
[1.067s] symbolically linking /home/trucnv/Documents/robot_dev/linorobot2_ws/build/linorobot2_gazebo/resource/linorobot2_gazebo -> /home/trucnv/Documents/robot_dev/linorobot2_ws/install/linorobot2_gazebo/share/ament_index/resource_index/packages
[1.067s] symbolically linking /home/trucnv/Documents/robot_dev/linorobot2_ws/build/linorobot2_gazebo/package.xml -> /home/trucnv/Documents/robot_dev/linorobot2_ws/install/linorobot2_gazebo/share/linorobot2_gazebo
[1.067s] creating /home/trucnv/Documents/robot_dev/linorobot2_ws/install/linorobot2_gazebo/share/linorobot2_gazebo/launch
[1.067s] symbolically linking /home/trucnv/Documents/robot_dev/linorobot2_ws/build/linorobot2_gazebo/launch/gazebo.launch.py -> /home/trucnv/Documents/robot_dev/linorobot2_ws/install/linorobot2_gazebo/share/linorobot2_gazebo/launch
[1.067s] creating /home/trucnv/Documents/robot_dev/linorobot2_ws/install/linorobot2_gazebo/share/linorobot2_gazebo/worlds
[1.067s] symbolically linking /home/trucnv/Documents/robot_dev/linorobot2_ws/build/linorobot2_gazebo/worlds/playground.sdf -> /home/trucnv/Documents/robot_dev/linorobot2_ws/install/linorobot2_gazebo/share/linorobot2_gazebo/worlds
[1.067s] symbolically linking /home/trucnv/Documents/robot_dev/linorobot2_ws/build/linorobot2_gazebo/worlds/turtlebot3_world.sdf -> /home/trucnv/Documents/robot_dev/linorobot2_ws/install/linorobot2_gazebo/share/linorobot2_gazebo/worlds
[1.067s] creating /home/trucnv/Documents/robot_dev/linorobot2_ws/install/linorobot2_gazebo/share/linorobot2_gazebo/rviz
[1.067s] symbolically linking /home/trucnv/Documents/robot_dev/linorobot2_ws/build/linorobot2_gazebo/rviz/view_urdf.rviz -> /home/trucnv/Documents/robot_dev/linorobot2_ws/install/linorobot2_gazebo/share/linorobot2_gazebo/rviz
[1.067s] symbolically linking /home/trucnv/Documents/robot_dev/linorobot2_ws/build/linorobot2_gazebo/hook/linorobot2_gazebo.sh -> /home/trucnv/Documents/robot_dev/linorobot2_ws/install/linorobot2_gazebo/share/linorobot2_gazebo/hook
[1.067s] creating /home/trucnv/Documents/robot_dev/linorobot2_ws/install/linorobot2_gazebo/share/linorobot2_gazebo/models
[1.067s] creating /home/trucnv/Documents/robot_dev/linorobot2_ws/install/linorobot2_gazebo/share/linorobot2_gazebo/models/turtlebot3_world
[1.067s] symbolically linking /home/trucnv/Documents/robot_dev/linorobot2_ws/build/linorobot2_gazebo/models/turtlebot3_world/model-1_4.sdf -> /home/trucnv/Documents/robot_dev/linorobot2_ws/install/linorobot2_gazebo/share/linorobot2_gazebo/models/turtlebot3_world
[1.067s] symbolically linking /home/trucnv/Documents/robot_dev/linorobot2_ws/build/linorobot2_gazebo/models/turtlebot3_world/model.config -> /home/trucnv/Documents/robot_dev/linorobot2_ws/install/linorobot2_gazebo/share/linorobot2_gazebo/models/turtlebot3_world
[1.067s] symbolically linking /home/trucnv/Documents/robot_dev/linorobot2_ws/build/linorobot2_gazebo/models/turtlebot3_world/model.sdf -> /home/trucnv/Documents/robot_dev/linorobot2_ws/install/linorobot2_gazebo/share/linorobot2_gazebo/models/turtlebot3_world
[1.068s] creating /home/trucnv/Documents/robot_dev/linorobot2_ws/install/linorobot2_gazebo/share/linorobot2_gazebo/models/turtlebot3_world/meshes
[1.068s] symbolically linking /home/trucnv/Documents/robot_dev/linorobot2_ws/build/linorobot2_gazebo/models/turtlebot3_world/meshes/hexagon.dae -> /home/trucnv/Documents/robot_dev/linorobot2_ws/install/linorobot2_gazebo/share/linorobot2_gazebo/models/turtlebot3_world/meshes
[1.068s] symbolically linking /home/trucnv/Documents/robot_dev/linorobot2_ws/build/linorobot2_gazebo/models/turtlebot3_world/meshes/wall.dae -> /home/trucnv/Documents/robot_dev/linorobot2_ws/install/linorobot2_gazebo/share/linorobot2_gazebo/models/turtlebot3_world/meshes
[1.086s] Invoked command in '/home/trucnv/Documents/robot_dev/linorobot2_ws/build/linorobot2_gazebo' returned '0': PYTHONPATH=/home/trucnv/Documents/robot_dev/linorobot2_ws/build/linorobot2_gazebo/prefix_override:/usr/lib/python3/dist-packages/colcon_core/task/python/colcon_distutils_commands:/home/trucnv/Documents/robot_dev/linorobot2_ws/install/linorobot2_gazebo/lib/python3.10/site-packages:${PYTHONPATH} /usr/bin/python3 -W ignore:setup.py install is deprecated -W ignore:easy_install command is deprecated setup.py develop --editable --build-directory /home/trucnv/Documents/robot_dev/linorobot2_ws/build/linorobot2_gazebo/build --no-deps symlink_data
