[0.007s] Invoking command in '/home/trucnv/Documents/robot_dev/linorobot2_ws/build/micro_ros_msgs': CMAKE_PREFIX_PATH=/opt/ros/humble /usr/bin/cmake /home/trucnv/Documents/robot_dev/linorobot2_ws/src/uros/micro_ros_msgs -DCMAKE_INSTALL_PREFIX=/home/trucnv/Documents/robot_dev/linorobot2_ws/install/micro_ros_msgs
[0.061s] -- The C compiler identification is GNU 11.4.0
[0.131s] -- The CXX compiler identification is GNU 11.4.0
[0.142s] -- Detecting C compiler ABI info
[0.222s] -- Detecting C compiler ABI info - done
[0.228s] -- Check for working C compiler: /usr/bin/cc - skipped
[0.228s] -- Detecting C compile features
[0.229s] -- Detecting C compile features - done
[0.231s] -- Detecting CXX compiler ABI info
[0.306s] -- Detecting CXX compiler ABI info - done
[0.312s] -- Check for working CXX compiler: /usr/bin/c++ - skipped
[0.312s] -- Detecting CXX compile features
[0.312s] -- Detecting CXX compile features - done
[0.313s] -- Found ament_cmake: 1.3.14 (/opt/ros/humble/share/ament_cmake/cmake)
[0.447s] -- Found Python3: /usr/bin/python3 (found version "3.10.12") found components: Interpreter 
[0.508s] -- Found rosidl_default_generators: 1.2.1 (/opt/ros/humble/share/rosidl_default_generators/cmake)
[0.510s] -- Using all available rosidl_typesupport_c: rosidl_typesupport_fastrtps_c;rosidl_typesupport_introspection_c
[0.514s] -- Found rosidl_adapter: 3.1.8 (/opt/ros/humble/share/rosidl_adapter/cmake)
[0.542s] -- Using all available rosidl_typesupport_cpp: rosidl_typesupport_fastrtps_cpp;rosidl_typesupport_introspection_cpp
[0.571s] -- Found ament_lint_auto: 0.12.15 (/opt/ros/humble/share/ament_lint_auto/cmake)
[0.790s] -- Found ament_cmake_ros: 0.10.0 (/opt/ros/humble/share/ament_cmake_ros/cmake)
[0.960s] -- Using all available rosidl_typesupport_c: rosidl_typesupport_fastrtps_c;rosidl_typesupport_introspection_c
[1.209s] -- Using all available rosidl_typesupport_cpp: rosidl_typesupport_fastrtps_cpp;rosidl_typesupport_introspection_cpp
[1.231s] -- Found PythonInterp: /usr/bin/python3 (found suitable version "3.10.12", minimum required is "3.6") 
[1.233s] -- Found python_cmake_module: 0.10.0 (/opt/ros/humble/share/python_cmake_module/cmake)
[1.276s] -- Found PythonLibs: /usr/lib/x86_64-linux-gnu/libpython3.10.so (found suitable version "3.10.12", minimum required is "3.5") 
[1.276s] -- Using PYTHON_EXECUTABLE: /usr/bin/python3
[1.276s] -- Using PYTHON_INCLUDE_DIRS: /usr/include/python3.10
[1.276s] -- Using PYTHON_LIBRARIES: /usr/lib/x86_64-linux-gnu/libpython3.10.so
[1.315s] -- Found PythonExtra: .so  
[1.409s] -- Added test 'copyright' to check source files copyright and LICENSE
[1.417s] -- Added test 'lint_cmake' to check CMake code style
[1.420s] -- Added test 'xmllint' to check XML markup files
[1.424s] -- Configuring done
[1.449s] -- Generating done
[1.457s] -- Build files have been written to: /home/trucnv/Documents/robot_dev/linorobot2_ws/build/micro_ros_msgs
[1.463s] Invoked command in '/home/trucnv/Documents/robot_dev/linorobot2_ws/build/micro_ros_msgs' returned '0': CMAKE_PREFIX_PATH=/opt/ros/humble /usr/bin/cmake /home/trucnv/Documents/robot_dev/linorobot2_ws/src/uros/micro_ros_msgs -DCMAKE_INSTALL_PREFIX=/home/trucnv/Documents/robot_dev/linorobot2_ws/install/micro_ros_msgs
[1.465s] Invoking command in '/home/trucnv/Documents/robot_dev/linorobot2_ws/build/micro_ros_msgs': CMAKE_PREFIX_PATH=/opt/ros/humble /usr/bin/cmake --build /home/trucnv/Documents/robot_dev/linorobot2_ws/build/micro_ros_msgs -- -j16 -l16
[1.512s] [  2%] [34m[1mGenerating C code for ROS interfaces[0m
[1.523s] [  4%] [34m[1mGenerating Rust code for ROS interfaces[0m
[1.523s] [  6%] [34m[1mGenerating C++ code for ROS interfaces[0m
[1.535s] [  6%] Built target ament_cmake_python_copy_micro_ros_msgs
[1.727s] running egg_info
[1.727s] creating micro_ros_msgs.egg-info
[1.727s] writing micro_ros_msgs.egg-info/PKG-INFO
[1.727s] writing dependency_links to micro_ros_msgs.egg-info/dependency_links.txt
[1.728s] writing top-level names to micro_ros_msgs.egg-info/top_level.txt
[1.728s] writing manifest file 'micro_ros_msgs.egg-info/SOURCES.txt'
[1.729s] reading manifest file 'micro_ros_msgs.egg-info/SOURCES.txt'
[1.729s] writing manifest file 'micro_ros_msgs.egg-info/SOURCES.txt'
[1.737s] [  6%] Built target micro_ros_msgs__rs
[1.755s] [  6%] Built target ament_cmake_python_build_micro_ros_msgs_egg
[1.786s] [  6%] Built target micro_ros_msgs__cpp
[1.797s] [  8%] [32mBuilding C object CMakeFiles/micro_ros_msgs__rosidl_generator_c.dir/rosidl_generator_c/micro_ros_msgs/msg/detail/node__functions.c.o[0m
[1.797s] [ 10%] [34m[1mGenerating C++ type support dispatch for ROS interfaces[0m
[1.798s] [ 12%] [34m[1mGenerating C++ introspection for ROS interfaces[0m
[1.798s] [ 14%] [32mBuilding C object CMakeFiles/micro_ros_msgs__rosidl_generator_c.dir/rosidl_generator_c/micro_ros_msgs/msg/detail/entity__functions.c.o[0m
[1.798s] [ 16%] [34m[1mGenerating C++ type support for eProsima Fast-RTPS[0m
[1.800s] [ 18%] [32mBuilding C object CMakeFiles/micro_ros_msgs__rosidl_generator_c.dir/rosidl_generator_c/micro_ros_msgs/msg/detail/graph__functions.c.o[0m
[1.860s] [ 20%] [32m[1mLinking C shared library libmicro_ros_msgs__rosidl_generator_c.so[0m
[1.892s] [ 20%] Built target micro_ros_msgs__rosidl_generator_c
[1.899s] [ 22%] [34m[1mGenerating C type support dispatch for ROS interfaces[0m
[1.901s] [ 25%] [34m[1mGenerating C type support for eProsima Fast-RTPS[0m
[1.902s] [ 27%] [34m[1mGenerating C introspection for ROS interfaces[0m
[2.052s] [ 33%] [32mBuilding CXX object CMakeFiles/micro_ros_msgs__rosidl_typesupport_cpp.dir/rosidl_typesupport_cpp/micro_ros_msgs/msg/node__type_support.cpp.o[0m
[2.052s] [ 33%] [32mBuilding CXX object CMakeFiles/micro_ros_msgs__rosidl_typesupport_cpp.dir/rosidl_typesupport_cpp/micro_ros_msgs/msg/entity__type_support.cpp.o[0m
[2.052s] [ 33%] [32mBuilding CXX object CMakeFiles/micro_ros_msgs__rosidl_typesupport_cpp.dir/rosidl_typesupport_cpp/micro_ros_msgs/msg/graph__type_support.cpp.o[0m
[2.053s] [ 35%] [32mBuilding CXX object CMakeFiles/micro_ros_msgs__rosidl_typesupport_introspection_cpp.dir/rosidl_typesupport_introspection_cpp/micro_ros_msgs/msg/detail/graph__type_support.cpp.o[0m
[2.053s] [ 37%] [32mBuilding CXX object CMakeFiles/micro_ros_msgs__rosidl_typesupport_introspection_cpp.dir/rosidl_typesupport_introspection_cpp/micro_ros_msgs/msg/detail/node__type_support.cpp.o[0m
[2.053s] [ 39%] [32mBuilding CXX object CMakeFiles/micro_ros_msgs__rosidl_typesupport_introspection_cpp.dir/rosidl_typesupport_introspection_cpp/micro_ros_msgs/msg/detail/entity__type_support.cpp.o[0m
[2.071s] [ 41%] [32mBuilding CXX object CMakeFiles/micro_ros_msgs__rosidl_typesupport_fastrtps_cpp.dir/rosidl_typesupport_fastrtps_cpp/micro_ros_msgs/msg/detail/dds_fastrtps/node__type_support.cpp.o[0m
[2.072s] [ 43%] [32mBuilding CXX object CMakeFiles/micro_ros_msgs__rosidl_typesupport_fastrtps_cpp.dir/rosidl_typesupport_fastrtps_cpp/micro_ros_msgs/msg/detail/dds_fastrtps/graph__type_support.cpp.o[0m
[2.072s] [ 45%] [32mBuilding CXX object CMakeFiles/micro_ros_msgs__rosidl_typesupport_fastrtps_cpp.dir/rosidl_typesupport_fastrtps_cpp/micro_ros_msgs/msg/detail/dds_fastrtps/entity__type_support.cpp.o[0m
[2.186s] [ 52%] [32mBuilding C object CMakeFiles/micro_ros_msgs__rosidl_typesupport_introspection_c.dir/rosidl_typesupport_introspection_c/micro_ros_msgs/msg/detail/node__type_support.c.o[0m
[2.186s] [ 52%] [32mBuilding C object CMakeFiles/micro_ros_msgs__rosidl_typesupport_introspection_c.dir/rosidl_typesupport_introspection_c/micro_ros_msgs/msg/detail/graph__type_support.c.o[0m
[2.186s] [ 52%] [32mBuilding C object CMakeFiles/micro_ros_msgs__rosidl_typesupport_introspection_c.dir/rosidl_typesupport_introspection_c/micro_ros_msgs/msg/detail/entity__type_support.c.o[0m
[2.198s] [ 54%] [32mBuilding CXX object CMakeFiles/micro_ros_msgs__rosidl_typesupport_fastrtps_c.dir/rosidl_typesupport_fastrtps_c/micro_ros_msgs/msg/detail/graph__type_support_c.cpp.o[0m
[2.202s] [ 58%] [32mBuilding CXX object CMakeFiles/micro_ros_msgs__rosidl_typesupport_fastrtps_c.dir/rosidl_typesupport_fastrtps_c/micro_ros_msgs/msg/detail/node__type_support_c.cpp.o[0m
[2.203s] [ 58%] [32mBuilding CXX object CMakeFiles/micro_ros_msgs__rosidl_typesupport_fastrtps_c.dir/rosidl_typesupport_fastrtps_c/micro_ros_msgs/msg/detail/entity__type_support_c.cpp.o[0m
[2.209s] [ 60%] [32mBuilding CXX object CMakeFiles/micro_ros_msgs__rosidl_typesupport_c.dir/rosidl_typesupport_c/micro_ros_msgs/msg/graph__type_support.cpp.o[0m
[2.223s] [ 62%] [32mBuilding CXX object CMakeFiles/micro_ros_msgs__rosidl_typesupport_c.dir/rosidl_typesupport_c/micro_ros_msgs/msg/node__type_support.cpp.o[0m
[2.235s] [ 64%] [32mBuilding CXX object CMakeFiles/micro_ros_msgs__rosidl_typesupport_c.dir/rosidl_typesupport_c/micro_ros_msgs/msg/entity__type_support.cpp.o[0m
[2.248s] [ 66%] [32m[1mLinking C shared library libmicro_ros_msgs__rosidl_typesupport_introspection_c.so[0m
[2.260s] [ 68%] [32m[1mLinking CXX shared library libmicro_ros_msgs__rosidl_typesupport_c.so[0m
[2.279s] [ 68%] Built target micro_ros_msgs__rosidl_typesupport_introspection_c
[2.295s] [ 68%] Built target micro_ros_msgs__rosidl_typesupport_c
[2.429s] [ 70%] [32m[1mLinking CXX shared library libmicro_ros_msgs__rosidl_typesupport_cpp.so[0m
[2.459s] [ 72%] [32m[1mLinking CXX shared library libmicro_ros_msgs__rosidl_typesupport_fastrtps_cpp.so[0m
[2.459s] [ 72%] Built target micro_ros_msgs__rosidl_typesupport_cpp
[2.520s] [ 72%] Built target micro_ros_msgs__rosidl_typesupport_fastrtps_cpp
[2.580s] [ 75%] [32m[1mLinking CXX shared library libmicro_ros_msgs__rosidl_typesupport_fastrtps_c.so[0m
[2.582s] [ 77%] [32m[1mLinking CXX shared library libmicro_ros_msgs__rosidl_typesupport_introspection_cpp.so[0m
[2.644s] [ 77%] Built target micro_ros_msgs__rosidl_typesupport_fastrtps_c
[2.649s] [ 77%] Built target micro_ros_msgs__rosidl_typesupport_introspection_cpp
[2.664s] [ 77%] Built target micro_ros_msgs
[2.688s] [ 79%] [34m[1mGenerating Python code for ROS interfaces[0m
[3.037s] [ 79%] Built target micro_ros_msgs__py
[3.069s] [ 81%] [32mBuilding C object CMakeFiles/micro_ros_msgs__rosidl_generator_py.dir/rosidl_generator_py/micro_ros_msgs/msg/_node_s.c.o[0m
[3.070s] [ 83%] [32mBuilding C object CMakeFiles/micro_ros_msgs__rosidl_generator_py.dir/rosidl_generator_py/micro_ros_msgs/msg/_graph_s.c.o[0m
[3.070s] [ 85%] [32mBuilding C object CMakeFiles/micro_ros_msgs__rosidl_generator_py.dir/rosidl_generator_py/micro_ros_msgs/msg/_entity_s.c.o[0m
[3.173s] [ 87%] [32m[1mLinking C shared library rosidl_generator_py/micro_ros_msgs/libmicro_ros_msgs__rosidl_generator_py.so[0m
[3.218s] [ 87%] Built target micro_ros_msgs__rosidl_generator_py
[3.248s] [ 91%] [32mBuilding C object CMakeFiles/micro_ros_msgs__rosidl_typesupport_introspection_c__pyext.dir/rosidl_generator_py/micro_ros_msgs/_micro_ros_msgs_s.ep.rosidl_typesupport_introspection_c.c.o[0m
[3.248s] [ 91%] [32mBuilding C object CMakeFiles/micro_ros_msgs__rosidl_typesupport_fastrtps_c__pyext.dir/rosidl_generator_py/micro_ros_msgs/_micro_ros_msgs_s.ep.rosidl_typesupport_fastrtps_c.c.o[0m
[3.248s] [ 93%] [32mBuilding C object CMakeFiles/micro_ros_msgs__rosidl_typesupport_c__pyext.dir/rosidl_generator_py/micro_ros_msgs/_micro_ros_msgs_s.ep.rosidl_typesupport_c.c.o[0m
[3.315s] [ 95%] [32m[1mLinking C shared library rosidl_generator_py/micro_ros_msgs/micro_ros_msgs_s__rosidl_typesupport_c.cpython-310-x86_64-linux-gnu.so[0m
[3.316s] [ 97%] [32m[1mLinking C shared library rosidl_generator_py/micro_ros_msgs/micro_ros_msgs_s__rosidl_typesupport_introspection_c.cpython-310-x86_64-linux-gnu.so[0m
[3.317s] [100%] [32m[1mLinking C shared library rosidl_generator_py/micro_ros_msgs/micro_ros_msgs_s__rosidl_typesupport_fastrtps_c.cpython-310-x86_64-linux-gnu.so[0m
[3.340s] [100%] Built target micro_ros_msgs__rosidl_typesupport_c__pyext
[3.340s] [100%] Built target micro_ros_msgs__rosidl_typesupport_fastrtps_c__pyext
[3.340s] [100%] Built target micro_ros_msgs__rosidl_typesupport_introspection_c__pyext
[3.350s] Invoked command in '/home/trucnv/Documents/robot_dev/linorobot2_ws/build/micro_ros_msgs' returned '0': CMAKE_PREFIX_PATH=/opt/ros/humble /usr/bin/cmake --build /home/trucnv/Documents/robot_dev/linorobot2_ws/build/micro_ros_msgs -- -j16 -l16
[3.359s] Invoking command in '/home/trucnv/Documents/robot_dev/linorobot2_ws/build/micro_ros_msgs': CMAKE_PREFIX_PATH=/opt/ros/humble /usr/bin/cmake --install /home/trucnv/Documents/robot_dev/linorobot2_ws/build/micro_ros_msgs
[3.365s] -- Install configuration: ""
[3.365s] -- Installing: /home/trucnv/Documents/robot_dev/linorobot2_ws/install/micro_ros_msgs/share/ament_index/resource_index/rosidl_interfaces/micro_ros_msgs
[3.365s] -- Installing: /home/trucnv/Documents/robot_dev/linorobot2_ws/install/micro_ros_msgs/include/micro_ros_msgs/micro_ros_msgs
[3.365s] -- Installing: /home/trucnv/Documents/robot_dev/linorobot2_ws/install/micro_ros_msgs/include/micro_ros_msgs/micro_ros_msgs/msg
[3.365s] -- Installing: /home/trucnv/Documents/robot_dev/linorobot2_ws/install/micro_ros_msgs/include/micro_ros_msgs/micro_ros_msgs/msg/rosidl_generator_c__visibility_control.h
[3.365s] -- Installing: /home/trucnv/Documents/robot_dev/linorobot2_ws/install/micro_ros_msgs/include/micro_ros_msgs/micro_ros_msgs/msg/detail
[3.365s] -- Installing: /home/trucnv/Documents/robot_dev/linorobot2_ws/install/micro_ros_msgs/include/micro_ros_msgs/micro_ros_msgs/msg/detail/graph__functions.c
[3.366s] -- Installing: /home/trucnv/Documents/robot_dev/linorobot2_ws/install/micro_ros_msgs/include/micro_ros_msgs/micro_ros_msgs/msg/detail/node__functions.c
[3.366s] -- Installing: /home/trucnv/Documents/robot_dev/linorobot2_ws/install/micro_ros_msgs/include/micro_ros_msgs/micro_ros_msgs/msg/detail/node__type_support.h
[3.366s] -- Installing: /home/trucnv/Documents/robot_dev/linorobot2_ws/install/micro_ros_msgs/include/micro_ros_msgs/micro_ros_msgs/msg/detail/entity__functions.h
[3.366s] -- Installing: /home/trucnv/Documents/robot_dev/linorobot2_ws/install/micro_ros_msgs/include/micro_ros_msgs/micro_ros_msgs/msg/detail/node__struct.h
[3.366s] -- Installing: /home/trucnv/Documents/robot_dev/linorobot2_ws/install/micro_ros_msgs/include/micro_ros_msgs/micro_ros_msgs/msg/detail/node__functions.h
[3.366s] -- Installing: /home/trucnv/Documents/robot_dev/linorobot2_ws/install/micro_ros_msgs/include/micro_ros_msgs/micro_ros_msgs/msg/detail/entity__type_support.h
[3.366s] -- Installing: /home/trucnv/Documents/robot_dev/linorobot2_ws/install/micro_ros_msgs/include/micro_ros_msgs/micro_ros_msgs/msg/detail/graph__functions.h
[3.366s] -- Installing: /home/trucnv/Documents/robot_dev/linorobot2_ws/install/micro_ros_msgs/include/micro_ros_msgs/micro_ros_msgs/msg/detail/entity__struct.h
[3.366s] -- Installing: /home/trucnv/Documents/robot_dev/linorobot2_ws/install/micro_ros_msgs/include/micro_ros_msgs/micro_ros_msgs/msg/detail/entity__functions.c
[3.366s] -- Installing: /home/trucnv/Documents/robot_dev/linorobot2_ws/install/micro_ros_msgs/include/micro_ros_msgs/micro_ros_msgs/msg/detail/graph__struct.h
[3.366s] -- Installing: /home/trucnv/Documents/robot_dev/linorobot2_ws/install/micro_ros_msgs/include/micro_ros_msgs/micro_ros_msgs/msg/detail/graph__type_support.h
[3.366s] -- Installing: /home/trucnv/Documents/robot_dev/linorobot2_ws/install/micro_ros_msgs/include/micro_ros_msgs/micro_ros_msgs/msg/graph.h
[3.366s] -- Installing: /home/trucnv/Documents/robot_dev/linorobot2_ws/install/micro_ros_msgs/include/micro_ros_msgs/micro_ros_msgs/msg/node.h
[3.366s] -- Installing: /home/trucnv/Documents/robot_dev/linorobot2_ws/install/micro_ros_msgs/include/micro_ros_msgs/micro_ros_msgs/msg/entity.h
[3.366s] -- Installing: /home/trucnv/Documents/robot_dev/linorobot2_ws/install/micro_ros_msgs/share/micro_ros_msgs/environment/library_path.sh
[3.366s] -- Installing: /home/trucnv/Documents/robot_dev/linorobot2_ws/install/micro_ros_msgs/share/micro_ros_msgs/environment/library_path.dsv
[3.366s] -- Installing: /home/trucnv/Documents/robot_dev/linorobot2_ws/install/micro_ros_msgs/lib/libmicro_ros_msgs__rosidl_generator_c.so
[3.367s] -- Set runtime path of "/home/trucnv/Documents/robot_dev/linorobot2_ws/install/micro_ros_msgs/lib/libmicro_ros_msgs__rosidl_generator_c.so" to ""
[3.367s] -- Up-to-date: /home/trucnv/Documents/robot_dev/linorobot2_ws/install/micro_ros_msgs/include/micro_ros_msgs/micro_ros_msgs
[3.367s] -- Up-to-date: /home/trucnv/Documents/robot_dev/linorobot2_ws/install/micro_ros_msgs/include/micro_ros_msgs/micro_ros_msgs/msg
[3.367s] -- Up-to-date: /home/trucnv/Documents/robot_dev/linorobot2_ws/install/micro_ros_msgs/include/micro_ros_msgs/micro_ros_msgs/msg/detail
[3.367s] -- Installing: /home/trucnv/Documents/robot_dev/linorobot2_ws/install/micro_ros_msgs/include/micro_ros_msgs/micro_ros_msgs/msg/detail/graph__rosidl_typesupport_fastrtps_c.h
[3.367s] -- Installing: /home/trucnv/Documents/robot_dev/linorobot2_ws/install/micro_ros_msgs/include/micro_ros_msgs/micro_ros_msgs/msg/detail/entity__rosidl_typesupport_fastrtps_c.h
[3.367s] -- Installing: /home/trucnv/Documents/robot_dev/linorobot2_ws/install/micro_ros_msgs/include/micro_ros_msgs/micro_ros_msgs/msg/detail/node__rosidl_typesupport_fastrtps_c.h
[3.367s] -- Installing: /home/trucnv/Documents/robot_dev/linorobot2_ws/install/micro_ros_msgs/include/micro_ros_msgs/micro_ros_msgs/msg/rosidl_typesupport_fastrtps_c__visibility_control.h
[3.367s] -- Installing: /home/trucnv/Documents/robot_dev/linorobot2_ws/install/micro_ros_msgs/lib/libmicro_ros_msgs__rosidl_typesupport_fastrtps_c.so
[3.367s] -- Set runtime path of "/home/trucnv/Documents/robot_dev/linorobot2_ws/install/micro_ros_msgs/lib/libmicro_ros_msgs__rosidl_typesupport_fastrtps_c.so" to ""
[3.367s] -- Up-to-date: /home/trucnv/Documents/robot_dev/linorobot2_ws/install/micro_ros_msgs/include/micro_ros_msgs/micro_ros_msgs
[3.367s] -- Up-to-date: /home/trucnv/Documents/robot_dev/linorobot2_ws/install/micro_ros_msgs/include/micro_ros_msgs/micro_ros_msgs/msg
[3.367s] -- Installing: /home/trucnv/Documents/robot_dev/linorobot2_ws/install/micro_ros_msgs/include/micro_ros_msgs/micro_ros_msgs/msg/rosidl_typesupport_introspection_c__visibility_control.h
[3.367s] -- Up-to-date: /home/trucnv/Documents/robot_dev/linorobot2_ws/install/micro_ros_msgs/include/micro_ros_msgs/micro_ros_msgs/msg/detail
[3.367s] -- Installing: /home/trucnv/Documents/robot_dev/linorobot2_ws/install/micro_ros_msgs/include/micro_ros_msgs/micro_ros_msgs/msg/detail/graph__rosidl_typesupport_introspection_c.h
[3.368s] -- Installing: /home/trucnv/Documents/robot_dev/linorobot2_ws/install/micro_ros_msgs/include/micro_ros_msgs/micro_ros_msgs/msg/detail/entity__rosidl_typesupport_introspection_c.h
[3.368s] -- Installing: /home/trucnv/Documents/robot_dev/linorobot2_ws/install/micro_ros_msgs/include/micro_ros_msgs/micro_ros_msgs/msg/detail/node__rosidl_typesupport_introspection_c.h
[3.368s] -- Installing: /home/trucnv/Documents/robot_dev/linorobot2_ws/install/micro_ros_msgs/include/micro_ros_msgs/micro_ros_msgs/msg/detail/node__type_support.c
[3.368s] -- Installing: /home/trucnv/Documents/robot_dev/linorobot2_ws/install/micro_ros_msgs/include/micro_ros_msgs/micro_ros_msgs/msg/detail/entity__type_support.c
[3.368s] -- Installing: /home/trucnv/Documents/robot_dev/linorobot2_ws/install/micro_ros_msgs/include/micro_ros_msgs/micro_ros_msgs/msg/detail/graph__type_support.c
[3.368s] -- Installing: /home/trucnv/Documents/robot_dev/linorobot2_ws/install/micro_ros_msgs/lib/libmicro_ros_msgs__rosidl_typesupport_introspection_c.so
[3.368s] -- Set runtime path of "/home/trucnv/Documents/robot_dev/linorobot2_ws/install/micro_ros_msgs/lib/libmicro_ros_msgs__rosidl_typesupport_introspection_c.so" to ""
[3.368s] -- Installing: /home/trucnv/Documents/robot_dev/linorobot2_ws/install/micro_ros_msgs/lib/libmicro_ros_msgs__rosidl_typesupport_c.so
[3.368s] -- Set runtime path of "/home/trucnv/Documents/robot_dev/linorobot2_ws/install/micro_ros_msgs/lib/libmicro_ros_msgs__rosidl_typesupport_c.so" to ""
[3.368s] -- Up-to-date: /home/trucnv/Documents/robot_dev/linorobot2_ws/install/micro_ros_msgs/include/micro_ros_msgs/micro_ros_msgs
[3.368s] -- Up-to-date: /home/trucnv/Documents/robot_dev/linorobot2_ws/install/micro_ros_msgs/include/micro_ros_msgs/micro_ros_msgs/msg
[3.368s] -- Installing: /home/trucnv/Documents/robot_dev/linorobot2_ws/install/micro_ros_msgs/include/micro_ros_msgs/micro_ros_msgs/msg/rosidl_generator_cpp__visibility_control.hpp
[3.368s] -- Up-to-date: /home/trucnv/Documents/robot_dev/linorobot2_ws/install/micro_ros_msgs/include/micro_ros_msgs/micro_ros_msgs/msg/detail
[3.368s] -- Installing: /home/trucnv/Documents/robot_dev/linorobot2_ws/install/micro_ros_msgs/include/micro_ros_msgs/micro_ros_msgs/msg/detail/node__struct.hpp
[3.369s] -- Installing: /home/trucnv/Documents/robot_dev/linorobot2_ws/install/micro_ros_msgs/include/micro_ros_msgs/micro_ros_msgs/msg/detail/entity__traits.hpp
[3.369s] -- Installing: /home/trucnv/Documents/robot_dev/linorobot2_ws/install/micro_ros_msgs/include/micro_ros_msgs/micro_ros_msgs/msg/detail/graph__struct.hpp
[3.369s] -- Installing: /home/trucnv/Documents/robot_dev/linorobot2_ws/install/micro_ros_msgs/include/micro_ros_msgs/micro_ros_msgs/msg/detail/node__traits.hpp
[3.369s] -- Installing: /home/trucnv/Documents/robot_dev/linorobot2_ws/install/micro_ros_msgs/include/micro_ros_msgs/micro_ros_msgs/msg/detail/graph__builder.hpp
[3.369s] -- Installing: /home/trucnv/Documents/robot_dev/linorobot2_ws/install/micro_ros_msgs/include/micro_ros_msgs/micro_ros_msgs/msg/detail/entity__builder.hpp
[3.369s] -- Installing: /home/trucnv/Documents/robot_dev/linorobot2_ws/install/micro_ros_msgs/include/micro_ros_msgs/micro_ros_msgs/msg/detail/node__builder.hpp
[3.369s] -- Installing: /home/trucnv/Documents/robot_dev/linorobot2_ws/install/micro_ros_msgs/include/micro_ros_msgs/micro_ros_msgs/msg/detail/node__type_support.hpp
[3.369s] -- Installing: /home/trucnv/Documents/robot_dev/linorobot2_ws/install/micro_ros_msgs/include/micro_ros_msgs/micro_ros_msgs/msg/detail/entity__type_support.hpp
[3.369s] -- Installing: /home/trucnv/Documents/robot_dev/linorobot2_ws/install/micro_ros_msgs/include/micro_ros_msgs/micro_ros_msgs/msg/detail/entity__struct.hpp
[3.369s] -- Installing: /home/trucnv/Documents/robot_dev/linorobot2_ws/install/micro_ros_msgs/include/micro_ros_msgs/micro_ros_msgs/msg/detail/graph__traits.hpp
[3.369s] -- Installing: /home/trucnv/Documents/robot_dev/linorobot2_ws/install/micro_ros_msgs/include/micro_ros_msgs/micro_ros_msgs/msg/detail/graph__type_support.hpp
[3.369s] -- Installing: /home/trucnv/Documents/robot_dev/linorobot2_ws/install/micro_ros_msgs/include/micro_ros_msgs/micro_ros_msgs/msg/node.hpp
[3.369s] -- Installing: /home/trucnv/Documents/robot_dev/linorobot2_ws/install/micro_ros_msgs/include/micro_ros_msgs/micro_ros_msgs/msg/graph.hpp
[3.369s] -- Installing: /home/trucnv/Documents/robot_dev/linorobot2_ws/install/micro_ros_msgs/include/micro_ros_msgs/micro_ros_msgs/msg/entity.hpp
[3.369s] -- Up-to-date: /home/trucnv/Documents/robot_dev/linorobot2_ws/install/micro_ros_msgs/include/micro_ros_msgs/micro_ros_msgs
[3.369s] -- Up-to-date: /home/trucnv/Documents/robot_dev/linorobot2_ws/install/micro_ros_msgs/include/micro_ros_msgs/micro_ros_msgs/msg
[3.370s] -- Installing: /home/trucnv/Documents/robot_dev/linorobot2_ws/install/micro_ros_msgs/include/micro_ros_msgs/micro_ros_msgs/msg/rosidl_typesupport_fastrtps_cpp__visibility_control.h
[3.370s] -- Up-to-date: /home/trucnv/Documents/robot_dev/linorobot2_ws/install/micro_ros_msgs/include/micro_ros_msgs/micro_ros_msgs/msg/detail
[3.370s] -- Installing: /home/trucnv/Documents/robot_dev/linorobot2_ws/install/micro_ros_msgs/include/micro_ros_msgs/micro_ros_msgs/msg/detail/graph__rosidl_typesupport_fastrtps_cpp.hpp
[3.370s] -- Installing: /home/trucnv/Documents/robot_dev/linorobot2_ws/install/micro_ros_msgs/include/micro_ros_msgs/micro_ros_msgs/msg/detail/entity__rosidl_typesupport_fastrtps_cpp.hpp
[3.370s] -- Installing: /home/trucnv/Documents/robot_dev/linorobot2_ws/install/micro_ros_msgs/include/micro_ros_msgs/micro_ros_msgs/msg/detail/dds_fastrtps
[3.370s] -- Installing: /home/trucnv/Documents/robot_dev/linorobot2_ws/install/micro_ros_msgs/include/micro_ros_msgs/micro_ros_msgs/msg/detail/node__rosidl_typesupport_fastrtps_cpp.hpp
[3.370s] -- Installing: /home/trucnv/Documents/robot_dev/linorobot2_ws/install/micro_ros_msgs/lib/libmicro_ros_msgs__rosidl_typesupport_fastrtps_cpp.so
[3.370s] -- Set runtime path of "/home/trucnv/Documents/robot_dev/linorobot2_ws/install/micro_ros_msgs/lib/libmicro_ros_msgs__rosidl_typesupport_fastrtps_cpp.so" to ""
[3.370s] -- Up-to-date: /home/trucnv/Documents/robot_dev/linorobot2_ws/install/micro_ros_msgs/include/micro_ros_msgs/micro_ros_msgs
[3.370s] -- Up-to-date: /home/trucnv/Documents/robot_dev/linorobot2_ws/install/micro_ros_msgs/include/micro_ros_msgs/micro_ros_msgs/msg
[3.370s] -- Up-to-date: /home/trucnv/Documents/robot_dev/linorobot2_ws/install/micro_ros_msgs/include/micro_ros_msgs/micro_ros_msgs/msg/detail
[3.370s] -- Installing: /home/trucnv/Documents/robot_dev/linorobot2_ws/install/micro_ros_msgs/include/micro_ros_msgs/micro_ros_msgs/msg/detail/entity__rosidl_typesupport_introspection_cpp.hpp
[3.370s] -- Installing: /home/trucnv/Documents/robot_dev/linorobot2_ws/install/micro_ros_msgs/include/micro_ros_msgs/micro_ros_msgs/msg/detail/node__type_support.cpp
[3.370s] -- Installing: /home/trucnv/Documents/robot_dev/linorobot2_ws/install/micro_ros_msgs/include/micro_ros_msgs/micro_ros_msgs/msg/detail/node__rosidl_typesupport_introspection_cpp.hpp
[3.370s] -- Installing: /home/trucnv/Documents/robot_dev/linorobot2_ws/install/micro_ros_msgs/include/micro_ros_msgs/micro_ros_msgs/msg/detail/graph__type_support.cpp
[3.370s] -- Installing: /home/trucnv/Documents/robot_dev/linorobot2_ws/install/micro_ros_msgs/include/micro_ros_msgs/micro_ros_msgs/msg/detail/entity__type_support.cpp
[3.370s] -- Installing: /home/trucnv/Documents/robot_dev/linorobot2_ws/install/micro_ros_msgs/include/micro_ros_msgs/micro_ros_msgs/msg/detail/graph__rosidl_typesupport_introspection_cpp.hpp
[3.371s] -- Installing: /home/trucnv/Documents/robot_dev/linorobot2_ws/install/micro_ros_msgs/lib/libmicro_ros_msgs__rosidl_typesupport_introspection_cpp.so
[3.371s] -- Set runtime path of "/home/trucnv/Documents/robot_dev/linorobot2_ws/install/micro_ros_msgs/lib/libmicro_ros_msgs__rosidl_typesupport_introspection_cpp.so" to ""
[3.371s] -- Installing: /home/trucnv/Documents/robot_dev/linorobot2_ws/install/micro_ros_msgs/lib/libmicro_ros_msgs__rosidl_typesupport_cpp.so
[3.371s] -- Set runtime path of "/home/trucnv/Documents/robot_dev/linorobot2_ws/install/micro_ros_msgs/lib/libmicro_ros_msgs__rosidl_typesupport_cpp.so" to ""
[3.371s] -- Installing: /home/trucnv/Documents/robot_dev/linorobot2_ws/install/micro_ros_msgs/share/micro_ros_msgs/environment/pythonpath.sh
[3.371s] -- Installing: /home/trucnv/Documents/robot_dev/linorobot2_ws/install/micro_ros_msgs/share/micro_ros_msgs/environment/pythonpath.dsv
[3.371s] -- Installing: /home/trucnv/Documents/robot_dev/linorobot2_ws/install/micro_ros_msgs/local/lib/python3.10/dist-packages/micro_ros_msgs-3.0.1-py3.10.egg-info
[3.371s] -- Installing: /home/trucnv/Documents/robot_dev/linorobot2_ws/install/micro_ros_msgs/local/lib/python3.10/dist-packages/micro_ros_msgs-3.0.1-py3.10.egg-info/PKG-INFO
[3.371s] -- Installing: /home/trucnv/Documents/robot_dev/linorobot2_ws/install/micro_ros_msgs/local/lib/python3.10/dist-packages/micro_ros_msgs-3.0.1-py3.10.egg-info/top_level.txt
[3.371s] -- Installing: /home/trucnv/Documents/robot_dev/linorobot2_ws/install/micro_ros_msgs/local/lib/python3.10/dist-packages/micro_ros_msgs-3.0.1-py3.10.egg-info/SOURCES.txt
[3.371s] -- Installing: /home/trucnv/Documents/robot_dev/linorobot2_ws/install/micro_ros_msgs/local/lib/python3.10/dist-packages/micro_ros_msgs-3.0.1-py3.10.egg-info/dependency_links.txt
[3.371s] -- Installing: /home/trucnv/Documents/robot_dev/linorobot2_ws/install/micro_ros_msgs/local/lib/python3.10/dist-packages/micro_ros_msgs
[3.371s] -- Installing: /home/trucnv/Documents/robot_dev/linorobot2_ws/install/micro_ros_msgs/local/lib/python3.10/dist-packages/micro_ros_msgs/msg
[3.371s] -- Installing: /home/trucnv/Documents/robot_dev/linorobot2_ws/install/micro_ros_msgs/local/lib/python3.10/dist-packages/micro_ros_msgs/msg/_graph.py
[3.371s] -- Installing: /home/trucnv/Documents/robot_dev/linorobot2_ws/install/micro_ros_msgs/local/lib/python3.10/dist-packages/micro_ros_msgs/msg/__init__.py
[3.371s] -- Installing: /home/trucnv/Documents/robot_dev/linorobot2_ws/install/micro_ros_msgs/local/lib/python3.10/dist-packages/micro_ros_msgs/msg/_node.py
[3.372s] -- Installing: /home/trucnv/Documents/robot_dev/linorobot2_ws/install/micro_ros_msgs/local/lib/python3.10/dist-packages/micro_ros_msgs/msg/_graph_s.c
[3.372s] -- Installing: /home/trucnv/Documents/robot_dev/linorobot2_ws/install/micro_ros_msgs/local/lib/python3.10/dist-packages/micro_ros_msgs/msg/_node_s.c
[3.372s] -- Installing: /home/trucnv/Documents/robot_dev/linorobot2_ws/install/micro_ros_msgs/local/lib/python3.10/dist-packages/micro_ros_msgs/msg/_entity_s.c
[3.372s] -- Installing: /home/trucnv/Documents/robot_dev/linorobot2_ws/install/micro_ros_msgs/local/lib/python3.10/dist-packages/micro_ros_msgs/msg/_entity.py
[3.372s] -- Installing: /home/trucnv/Documents/robot_dev/linorobot2_ws/install/micro_ros_msgs/local/lib/python3.10/dist-packages/micro_ros_msgs/__init__.py
[3.372s] -- Installing: /home/trucnv/Documents/robot_dev/linorobot2_ws/install/micro_ros_msgs/local/lib/python3.10/dist-packages/micro_ros_msgs/_micro_ros_msgs_s.ep.rosidl_typesupport_c.c
[3.372s] -- Installing: /home/trucnv/Documents/robot_dev/linorobot2_ws/install/micro_ros_msgs/local/lib/python3.10/dist-packages/micro_ros_msgs/micro_ros_msgs_s__rosidl_typesupport_introspection_c.cpython-310-x86_64-linux-gnu.so
[3.372s] -- Installing: /home/trucnv/Documents/robot_dev/linorobot2_ws/install/micro_ros_msgs/local/lib/python3.10/dist-packages/micro_ros_msgs/_micro_ros_msgs_s.ep.rosidl_typesupport_introspection_c.c
[3.372s] -- Installing: /home/trucnv/Documents/robot_dev/linorobot2_ws/install/micro_ros_msgs/local/lib/python3.10/dist-packages/micro_ros_msgs/micro_ros_msgs_s__rosidl_typesupport_c.cpython-310-x86_64-linux-gnu.so
[3.372s] -- Installing: /home/trucnv/Documents/robot_dev/linorobot2_ws/install/micro_ros_msgs/local/lib/python3.10/dist-packages/micro_ros_msgs/_micro_ros_msgs_s.ep.rosidl_typesupport_fastrtps_c.c
[3.372s] -- Installing: /home/trucnv/Documents/robot_dev/linorobot2_ws/install/micro_ros_msgs/local/lib/python3.10/dist-packages/micro_ros_msgs/micro_ros_msgs_s__rosidl_typesupport_fastrtps_c.cpython-310-x86_64-linux-gnu.so
[3.372s] -- Installing: /home/trucnv/Documents/robot_dev/linorobot2_ws/install/micro_ros_msgs/local/lib/python3.10/dist-packages/micro_ros_msgs/libmicro_ros_msgs__rosidl_generator_py.so
[3.396s] Listing '/home/trucnv/Documents/robot_dev/linorobot2_ws/install/micro_ros_msgs/local/lib/python3.10/dist-packages/micro_ros_msgs'...
[3.396s] Compiling '/home/trucnv/Documents/robot_dev/linorobot2_ws/install/micro_ros_msgs/local/lib/python3.10/dist-packages/micro_ros_msgs/__init__.py'...
[3.396s] Listing '/home/trucnv/Documents/robot_dev/linorobot2_ws/install/micro_ros_msgs/local/lib/python3.10/dist-packages/micro_ros_msgs/msg'...
[3.396s] Compiling '/home/trucnv/Documents/robot_dev/linorobot2_ws/install/micro_ros_msgs/local/lib/python3.10/dist-packages/micro_ros_msgs/msg/__init__.py'...
[3.396s] Compiling '/home/trucnv/Documents/robot_dev/linorobot2_ws/install/micro_ros_msgs/local/lib/python3.10/dist-packages/micro_ros_msgs/msg/_entity.py'...
[3.396s] Compiling '/home/trucnv/Documents/robot_dev/linorobot2_ws/install/micro_ros_msgs/local/lib/python3.10/dist-packages/micro_ros_msgs/msg/_graph.py'...
[3.396s] Compiling '/home/trucnv/Documents/robot_dev/linorobot2_ws/install/micro_ros_msgs/local/lib/python3.10/dist-packages/micro_ros_msgs/msg/_node.py'...
[3.400s] -- Installing: /home/trucnv/Documents/robot_dev/linorobot2_ws/install/micro_ros_msgs/local/lib/python3.10/dist-packages/micro_ros_msgs/micro_ros_msgs_s__rosidl_typesupport_fastrtps_c.cpython-310-x86_64-linux-gnu.so
[3.400s] -- Set runtime path of "/home/trucnv/Documents/robot_dev/linorobot2_ws/install/micro_ros_msgs/local/lib/python3.10/dist-packages/micro_ros_msgs/micro_ros_msgs_s__rosidl_typesupport_fastrtps_c.cpython-310-x86_64-linux-gnu.so" to ""
[3.400s] -- Installing: /home/trucnv/Documents/robot_dev/linorobot2_ws/install/micro_ros_msgs/local/lib/python3.10/dist-packages/micro_ros_msgs/micro_ros_msgs_s__rosidl_typesupport_introspection_c.cpython-310-x86_64-linux-gnu.so
[3.400s] -- Set runtime path of "/home/trucnv/Documents/robot_dev/linorobot2_ws/install/micro_ros_msgs/local/lib/python3.10/dist-packages/micro_ros_msgs/micro_ros_msgs_s__rosidl_typesupport_introspection_c.cpython-310-x86_64-linux-gnu.so" to ""
[3.400s] -- Installing: /home/trucnv/Documents/robot_dev/linorobot2_ws/install/micro_ros_msgs/local/lib/python3.10/dist-packages/micro_ros_msgs/micro_ros_msgs_s__rosidl_typesupport_c.cpython-310-x86_64-linux-gnu.so
[3.400s] -- Set runtime path of "/home/trucnv/Documents/robot_dev/linorobot2_ws/install/micro_ros_msgs/local/lib/python3.10/dist-packages/micro_ros_msgs/micro_ros_msgs_s__rosidl_typesupport_c.cpython-310-x86_64-linux-gnu.so" to ""
[3.400s] -- Installing: /home/trucnv/Documents/robot_dev/linorobot2_ws/install/micro_ros_msgs/lib/libmicro_ros_msgs__rosidl_generator_py.so
[3.400s] -- Set runtime path of "/home/trucnv/Documents/robot_dev/linorobot2_ws/install/micro_ros_msgs/lib/libmicro_ros_msgs__rosidl_generator_py.so" to ""
[3.400s] -- Installing: /home/trucnv/Documents/robot_dev/linorobot2_ws/install/micro_ros_msgs/share/ament_index/resource_index/rust_packages/micro_ros_msgs
[3.400s] -- Installing: /home/trucnv/Documents/robot_dev/linorobot2_ws/install/micro_ros_msgs/share/micro_ros_msgs/rust
[3.400s] -- Installing: /home/trucnv/Documents/robot_dev/linorobot2_ws/install/micro_ros_msgs/share/micro_ros_msgs/rust/Cargo.toml
[3.400s] -- Installing: /home/trucnv/Documents/robot_dev/linorobot2_ws/install/micro_ros_msgs/share/micro_ros_msgs/rust/src
[3.400s] -- Installing: /home/trucnv/Documents/robot_dev/linorobot2_ws/install/micro_ros_msgs/share/micro_ros_msgs/rust/src/msg
[3.401s] -- Installing: /home/trucnv/Documents/robot_dev/linorobot2_ws/install/micro_ros_msgs/share/micro_ros_msgs/rust/src/msg/rmw.rs
[3.401s] -- Installing: /home/trucnv/Documents/robot_dev/linorobot2_ws/install/micro_ros_msgs/share/micro_ros_msgs/rust/src/lib.rs
[3.401s] -- Installing: /home/trucnv/Documents/robot_dev/linorobot2_ws/install/micro_ros_msgs/share/micro_ros_msgs/rust/src/msg.rs
[3.401s] -- Installing: /home/trucnv/Documents/robot_dev/linorobot2_ws/install/micro_ros_msgs/share/micro_ros_msgs/rust/build.rs
[3.401s] -- Installing: /home/trucnv/Documents/robot_dev/linorobot2_ws/install/micro_ros_msgs/share/micro_ros_msgs/msg/Graph.idl
[3.401s] -- Installing: /home/trucnv/Documents/robot_dev/linorobot2_ws/install/micro_ros_msgs/share/micro_ros_msgs/msg/Node.idl
[3.401s] -- Installing: /home/trucnv/Documents/robot_dev/linorobot2_ws/install/micro_ros_msgs/share/micro_ros_msgs/msg/Entity.idl
[3.401s] -- Installing: /home/trucnv/Documents/robot_dev/linorobot2_ws/install/micro_ros_msgs/share/micro_ros_msgs/msg/Graph.msg
[3.401s] -- Installing: /home/trucnv/Documents/robot_dev/linorobot2_ws/install/micro_ros_msgs/share/micro_ros_msgs/msg/Node.msg
[3.401s] -- Installing: /home/trucnv/Documents/robot_dev/linorobot2_ws/install/micro_ros_msgs/share/micro_ros_msgs/msg/Entity.msg
[3.401s] -- Installing: /home/trucnv/Documents/robot_dev/linorobot2_ws/install/micro_ros_msgs/share/ament_index/resource_index/package_run_dependencies/micro_ros_msgs
[3.401s] -- Installing: /home/trucnv/Documents/robot_dev/linorobot2_ws/install/micro_ros_msgs/share/ament_index/resource_index/parent_prefix_path/micro_ros_msgs
[3.401s] -- Installing: /home/trucnv/Documents/robot_dev/linorobot2_ws/install/micro_ros_msgs/share/micro_ros_msgs/environment/ament_prefix_path.sh
[3.401s] -- Installing: /home/trucnv/Documents/robot_dev/linorobot2_ws/install/micro_ros_msgs/share/micro_ros_msgs/environment/ament_prefix_path.dsv
[3.401s] -- Installing: /home/trucnv/Documents/robot_dev/linorobot2_ws/install/micro_ros_msgs/share/micro_ros_msgs/environment/path.sh
[3.401s] -- Installing: /home/trucnv/Documents/robot_dev/linorobot2_ws/install/micro_ros_msgs/share/micro_ros_msgs/environment/path.dsv
[3.401s] -- Installing: /home/trucnv/Documents/robot_dev/linorobot2_ws/install/micro_ros_msgs/share/micro_ros_msgs/local_setup.bash
[3.401s] -- Installing: /home/trucnv/Documents/robot_dev/linorobot2_ws/install/micro_ros_msgs/share/micro_ros_msgs/local_setup.sh
[3.401s] -- Installing: /home/trucnv/Documents/robot_dev/linorobot2_ws/install/micro_ros_msgs/share/micro_ros_msgs/local_setup.zsh
[3.401s] -- Installing: /home/trucnv/Documents/robot_dev/linorobot2_ws/install/micro_ros_msgs/share/micro_ros_msgs/local_setup.dsv
[3.401s] -- Installing: /home/trucnv/Documents/robot_dev/linorobot2_ws/install/micro_ros_msgs/share/micro_ros_msgs/package.dsv
[3.401s] -- Installing: /home/trucnv/Documents/robot_dev/linorobot2_ws/install/micro_ros_msgs/share/ament_index/resource_index/packages/micro_ros_msgs
[3.402s] -- Installing: /home/trucnv/Documents/robot_dev/linorobot2_ws/install/micro_ros_msgs/share/micro_ros_msgs/cmake/export_micro_ros_msgs__rosidl_generator_cExport.cmake
[3.402s] -- Installing: /home/trucnv/Documents/robot_dev/linorobot2_ws/install/micro_ros_msgs/share/micro_ros_msgs/cmake/export_micro_ros_msgs__rosidl_generator_cExport-noconfig.cmake
[3.402s] -- Installing: /home/trucnv/Documents/robot_dev/linorobot2_ws/install/micro_ros_msgs/share/micro_ros_msgs/cmake/export_micro_ros_msgs__rosidl_typesupport_fastrtps_cExport.cmake
[3.402s] -- Installing: /home/trucnv/Documents/robot_dev/linorobot2_ws/install/micro_ros_msgs/share/micro_ros_msgs/cmake/export_micro_ros_msgs__rosidl_typesupport_fastrtps_cExport-noconfig.cmake
[3.402s] -- Installing: /home/trucnv/Documents/robot_dev/linorobot2_ws/install/micro_ros_msgs/share/micro_ros_msgs/cmake/micro_ros_msgs__rosidl_typesupport_introspection_cExport.cmake
[3.402s] -- Installing: /home/trucnv/Documents/robot_dev/linorobot2_ws/install/micro_ros_msgs/share/micro_ros_msgs/cmake/micro_ros_msgs__rosidl_typesupport_introspection_cExport-noconfig.cmake
[3.402s] -- Installing: /home/trucnv/Documents/robot_dev/linorobot2_ws/install/micro_ros_msgs/share/micro_ros_msgs/cmake/micro_ros_msgs__rosidl_typesupport_cExport.cmake
[3.402s] -- Installing: /home/trucnv/Documents/robot_dev/linorobot2_ws/install/micro_ros_msgs/share/micro_ros_msgs/cmake/micro_ros_msgs__rosidl_typesupport_cExport-noconfig.cmake
[3.402s] -- Installing: /home/trucnv/Documents/robot_dev/linorobot2_ws/install/micro_ros_msgs/share/micro_ros_msgs/cmake/export_micro_ros_msgs__rosidl_generator_cppExport.cmake
[3.402s] -- Installing: /home/trucnv/Documents/robot_dev/linorobot2_ws/install/micro_ros_msgs/share/micro_ros_msgs/cmake/export_micro_ros_msgs__rosidl_typesupport_fastrtps_cppExport.cmake
[3.402s] -- Installing: /home/trucnv/Documents/robot_dev/linorobot2_ws/install/micro_ros_msgs/share/micro_ros_msgs/cmake/export_micro_ros_msgs__rosidl_typesupport_fastrtps_cppExport-noconfig.cmake
[3.402s] -- Installing: /home/trucnv/Documents/robot_dev/linorobot2_ws/install/micro_ros_msgs/share/micro_ros_msgs/cmake/micro_ros_msgs__rosidl_typesupport_introspection_cppExport.cmake
[3.402s] -- Installing: /home/trucnv/Documents/robot_dev/linorobot2_ws/install/micro_ros_msgs/share/micro_ros_msgs/cmake/micro_ros_msgs__rosidl_typesupport_introspection_cppExport-noconfig.cmake
[3.402s] -- Installing: /home/trucnv/Documents/robot_dev/linorobot2_ws/install/micro_ros_msgs/share/micro_ros_msgs/cmake/micro_ros_msgs__rosidl_typesupport_cppExport.cmake
[3.402s] -- Installing: /home/trucnv/Documents/robot_dev/linorobot2_ws/install/micro_ros_msgs/share/micro_ros_msgs/cmake/micro_ros_msgs__rosidl_typesupport_cppExport-noconfig.cmake
[3.402s] -- Installing: /home/trucnv/Documents/robot_dev/linorobot2_ws/install/micro_ros_msgs/share/micro_ros_msgs/cmake/export_micro_ros_msgs__rosidl_generator_pyExport.cmake
[3.402s] -- Installing: /home/trucnv/Documents/robot_dev/linorobot2_ws/install/micro_ros_msgs/share/micro_ros_msgs/cmake/export_micro_ros_msgs__rosidl_generator_pyExport-noconfig.cmake
[3.402s] -- Installing: /home/trucnv/Documents/robot_dev/linorobot2_ws/install/micro_ros_msgs/share/micro_ros_msgs/cmake/rosidl_cmake-extras.cmake
[3.403s] -- Installing: /home/trucnv/Documents/robot_dev/linorobot2_ws/install/micro_ros_msgs/share/micro_ros_msgs/cmake/ament_cmake_export_include_directories-extras.cmake
[3.403s] -- Installing: /home/trucnv/Documents/robot_dev/linorobot2_ws/install/micro_ros_msgs/share/micro_ros_msgs/cmake/ament_cmake_export_libraries-extras.cmake
[3.403s] -- Installing: /home/trucnv/Documents/robot_dev/linorobot2_ws/install/micro_ros_msgs/share/micro_ros_msgs/cmake/ament_cmake_export_targets-extras.cmake
[3.403s] -- Installing: /home/trucnv/Documents/robot_dev/linorobot2_ws/install/micro_ros_msgs/share/micro_ros_msgs/cmake/rosidl_cmake_export_typesupport_targets-extras.cmake
[3.403s] -- Installing: /home/trucnv/Documents/robot_dev/linorobot2_ws/install/micro_ros_msgs/share/micro_ros_msgs/cmake/ament_cmake_export_dependencies-extras.cmake
[3.403s] -- Installing: /home/trucnv/Documents/robot_dev/linorobot2_ws/install/micro_ros_msgs/share/micro_ros_msgs/cmake/rosidl_cmake_export_typesupport_libraries-extras.cmake
[3.403s] -- Installing: /home/trucnv/Documents/robot_dev/linorobot2_ws/install/micro_ros_msgs/share/micro_ros_msgs/cmake/micro_ros_msgsConfig.cmake
[3.403s] -- Installing: /home/trucnv/Documents/robot_dev/linorobot2_ws/install/micro_ros_msgs/share/micro_ros_msgs/cmake/micro_ros_msgsConfig-version.cmake
[3.403s] -- Installing: /home/trucnv/Documents/robot_dev/linorobot2_ws/install/micro_ros_msgs/share/micro_ros_msgs/package.xml
[3.405s] Invoked command in '/home/trucnv/Documents/robot_dev/linorobot2_ws/build/micro_ros_msgs' returned '0': CMAKE_PREFIX_PATH=/opt/ros/humble /usr/bin/cmake --install /home/trucnv/Documents/robot_dev/linorobot2_ws/build/micro_ros_msgs
