[0.027s] Invoking command in '/home/trucnv/Documents/robot_dev/linorobot2_ws/build/linorobot2': CMAKE_PREFIX_PATH=/opt/ros/humble /usr/bin/cmake /home/trucnv/Documents/robot_dev/linorobot2_ws/src/linorobot2/linorobot2 -DAMENT_CMAKE_SYMLINK_INSTALL=1 -DCMAKE_INSTALL_PREFIX=/home/trucnv/Documents/robot_dev/linorobot2_ws/install/linorobot2
[0.155s] -- The C compiler identification is GNU 11.4.0
[0.206s] -- The CXX compiler identification is GNU 11.4.0
[0.285s] -- Detecting C compiler ABI info
[0.450s] -- Detecting C compiler ABI info - done
[0.461s] -- Check for working C compiler: /usr/bin/cc - skipped
[0.487s] -- Detecting C compile features
[0.489s] -- Detecting C compile features - done
[0.495s] -- Detecting CXX compiler ABI info
[0.594s] -- Detecting CXX compiler ABI info - done
[0.600s] -- Check for working CXX compiler: /usr/bin/c++ - skipped
[0.600s] -- Detecting CXX compile features
[0.601s] -- Detecting CXX compile features - done
[0.602s] -- Found ament_cmake: 1.3.14 (/opt/ros/humble/share/ament_cmake/cmake)
[0.750s] -- Found Python3: /usr/bin/python3 (found version "3.10.12") found components: Interpreter 
[0.795s] -- Override CMake install command with custom implementation using symlinks instead of copying resources
[0.859s] -- Configuring done
[0.863s] -- Generating done
[0.864s] -- Build files have been written to: /home/trucnv/Documents/robot_dev/linorobot2_ws/build/linorobot2
[0.869s] Invoked command in '/home/trucnv/Documents/robot_dev/linorobot2_ws/build/linorobot2' returned '0': CMAKE_PREFIX_PATH=/opt/ros/humble /usr/bin/cmake /home/trucnv/Documents/robot_dev/linorobot2_ws/src/linorobot2/linorobot2 -DAMENT_CMAKE_SYMLINK_INSTALL=1 -DCMAKE_INSTALL_PREFIX=/home/trucnv/Documents/robot_dev/linorobot2_ws/install/linorobot2
[0.870s] Invoking command in '/home/trucnv/Documents/robot_dev/linorobot2_ws/build/linorobot2': CMAKE_PREFIX_PATH=/opt/ros/humble /usr/bin/cmake --build /home/trucnv/Documents/robot_dev/linorobot2_ws/build/linorobot2 -- -j16 -l16
[0.898s] Invoked command in '/home/trucnv/Documents/robot_dev/linorobot2_ws/build/linorobot2' returned '0': CMAKE_PREFIX_PATH=/opt/ros/humble /usr/bin/cmake --build /home/trucnv/Documents/robot_dev/linorobot2_ws/build/linorobot2 -- -j16 -l16
[0.900s] Invoking command in '/home/trucnv/Documents/robot_dev/linorobot2_ws/build/linorobot2': CMAKE_PREFIX_PATH=/opt/ros/humble /usr/bin/cmake --install /home/trucnv/Documents/robot_dev/linorobot2_ws/build/linorobot2
[0.906s] -- Install configuration: ""
[0.907s] -- Execute custom install script
[0.907s] -- Symlinking: /home/trucnv/Documents/robot_dev/linorobot2_ws/install/linorobot2/share/ament_index/resource_index/package_run_dependencies/linorobot2
[0.912s] -- Symlinking: /home/trucnv/Documents/robot_dev/linorobot2_ws/install/linorobot2/share/ament_index/resource_index/parent_prefix_path/linorobot2
[0.920s] -- Symlinking: /home/trucnv/Documents/robot_dev/linorobot2_ws/install/linorobot2/share/linorobot2/environment/ament_prefix_path.sh
[0.926s] -- Symlinking: /home/trucnv/Documents/robot_dev/linorobot2_ws/install/linorobot2/share/linorobot2/environment/ament_prefix_path.dsv
[0.931s] -- Symlinking: /home/trucnv/Documents/robot_dev/linorobot2_ws/install/linorobot2/share/linorobot2/environment/path.sh
[0.938s] -- Symlinking: /home/trucnv/Documents/robot_dev/linorobot2_ws/install/linorobot2/share/linorobot2/environment/path.dsv
[0.946s] -- Symlinking: /home/trucnv/Documents/robot_dev/linorobot2_ws/install/linorobot2/share/linorobot2/local_setup.bash
[0.953s] -- Symlinking: /home/trucnv/Documents/robot_dev/linorobot2_ws/install/linorobot2/share/linorobot2/local_setup.sh
[0.958s] -- Symlinking: /home/trucnv/Documents/robot_dev/linorobot2_ws/install/linorobot2/share/linorobot2/local_setup.zsh
[0.964s] -- Symlinking: /home/trucnv/Documents/robot_dev/linorobot2_ws/install/linorobot2/share/linorobot2/local_setup.dsv
[0.970s] -- Symlinking: /home/trucnv/Documents/robot_dev/linorobot2_ws/install/linorobot2/share/linorobot2/package.dsv
[0.976s] -- Symlinking: /home/trucnv/Documents/robot_dev/linorobot2_ws/install/linorobot2/share/ament_index/resource_index/packages/linorobot2
[0.984s] -- Symlinking: /home/trucnv/Documents/robot_dev/linorobot2_ws/install/linorobot2/share/linorobot2/cmake/linorobot2Config.cmake
[0.991s] -- Symlinking: /home/trucnv/Documents/robot_dev/linorobot2_ws/install/linorobot2/share/linorobot2/cmake/linorobot2Config-version.cmake
[0.996s] -- Symlinking: /home/trucnv/Documents/robot_dev/linorobot2_ws/install/linorobot2/share/linorobot2/package.xml
[1.003s] Invoked command in '/home/trucnv/Documents/robot_dev/linorobot2_ws/build/linorobot2' returned '0': CMAKE_PREFIX_PATH=/opt/ros/humble /usr/bin/cmake --install /home/trucnv/Documents/robot_dev/linorobot2_ws/build/linorobot2
