[0.028s] Invoking command in '/home/trucnv/Documents/robot_dev/linorobot2_ws/build/linorobot2_description': CMAKE_PREFIX_PATH=/opt/ros/humble /usr/bin/cmake /home/trucnv/Documents/robot_dev/linorobot2_ws/src/linorobot2/linorobot2_description -DAMENT_CMAKE_SYMLINK_INSTALL=1 -DCMAKE_INSTALL_PREFIX=/home/trucnv/Documents/robot_dev/linorobot2_ws/install/linorobot2_description
[0.151s] -- The C compiler identification is GNU 11.4.0
[0.206s] -- The CXX compiler identification is GNU 11.4.0
[0.280s] -- Detecting C compiler ABI info
[0.454s] -- Detecting C compiler ABI info - done
[0.459s] -- Check for working C compiler: /usr/bin/cc - skipped
[0.482s] -- Detecting C compile features
[0.485s] -- Detecting C compile features - done
[0.489s] -- Detecting CXX compiler ABI info
[0.579s] -- Detecting CXX compiler ABI info - done
[0.585s] -- Check for working CXX compiler: /usr/bin/c++ - skipped
[0.585s] -- Detecting CXX compile features
[0.585s] -- Detecting CXX compile features - done
[0.586s] -- Found ament_cmake: 1.3.14 (/opt/ros/humble/share/ament_cmake/cmake)
[0.709s] -- Found Python3: /usr/bin/python3 (found version "3.10.12") found components: Interpreter 
[0.754s] -- Override CMake install command with custom implementation using symlinks instead of copying resources
[0.839s] -- Found urdf: 2.6.1 (/opt/ros/humble/share/urdf/cmake)
[0.948s] -- Configuring done
[0.951s] -- Generating done
[0.953s] -- Build files have been written to: /home/trucnv/Documents/robot_dev/linorobot2_ws/build/linorobot2_description
[0.960s] Invoked command in '/home/trucnv/Documents/robot_dev/linorobot2_ws/build/linorobot2_description' returned '0': CMAKE_PREFIX_PATH=/opt/ros/humble /usr/bin/cmake /home/trucnv/Documents/robot_dev/linorobot2_ws/src/linorobot2/linorobot2_description -DAMENT_CMAKE_SYMLINK_INSTALL=1 -DCMAKE_INSTALL_PREFIX=/home/trucnv/Documents/robot_dev/linorobot2_ws/install/linorobot2_description
[0.962s] Invoking command in '/home/trucnv/Documents/robot_dev/linorobot2_ws/build/linorobot2_description': CMAKE_PREFIX_PATH=/opt/ros/humble /usr/bin/cmake --build /home/trucnv/Documents/robot_dev/linorobot2_ws/build/linorobot2_description -- -j16 -l16
[0.988s] Invoked command in '/home/trucnv/Documents/robot_dev/linorobot2_ws/build/linorobot2_description' returned '0': CMAKE_PREFIX_PATH=/opt/ros/humble /usr/bin/cmake --build /home/trucnv/Documents/robot_dev/linorobot2_ws/build/linorobot2_description -- -j16 -l16
[0.989s] Invoking command in '/home/trucnv/Documents/robot_dev/linorobot2_ws/build/linorobot2_description': CMAKE_PREFIX_PATH=/opt/ros/humble /usr/bin/cmake --install /home/trucnv/Documents/robot_dev/linorobot2_ws/build/linorobot2_description
[0.996s] -- Install configuration: ""
[0.997s] -- Execute custom install script
[0.997s] -- Symlinking: /home/trucnv/Documents/robot_dev/linorobot2_ws/install/linorobot2_description/share/linorobot2_description/launch/description.launch.py
[1.058s] -- Symlinking: /home/trucnv/Documents/robot_dev/linorobot2_ws/install/linorobot2_description/share/linorobot2_description/launch/visualize.launch.py
[1.073s] -- Symlinking: /home/trucnv/Documents/robot_dev/linorobot2_ws/install/linorobot2_description/share/linorobot2_description/urdf/2wd_properties.urdf.xacro
[1.085s] -- Symlinking: /home/trucnv/Documents/robot_dev/linorobot2_ws/install/linorobot2_description/share/linorobot2_description/urdf/4wd_properties.urdf.xacro
[1.095s] -- Symlinking: /home/trucnv/Documents/robot_dev/linorobot2_ws/install/linorobot2_description/share/linorobot2_description/urdf/controllers/diff_drive.urdf.xacro
[1.109s] -- Symlinking: /home/trucnv/Documents/robot_dev/linorobot2_ws/install/linorobot2_description/share/linorobot2_description/urdf/controllers/omni_drive.urdf.xacro
[1.126s] -- Symlinking: /home/trucnv/Documents/robot_dev/linorobot2_ws/install/linorobot2_description/share/linorobot2_description/urdf/controllers/skid_steer.urdf.xacro
[1.139s] -- Symlinking: /home/trucnv/Documents/robot_dev/linorobot2_ws/install/linorobot2_description/share/linorobot2_description/urdf/mecanum_properties.urdf.xacro
[1.150s] -- Symlinking: /home/trucnv/Documents/robot_dev/linorobot2_ws/install/linorobot2_description/share/linorobot2_description/urdf/mech/base.urdf.xacro
[1.160s] -- Symlinking: /home/trucnv/Documents/robot_dev/linorobot2_ws/install/linorobot2_description/share/linorobot2_description/urdf/mech/caster_wheel.urdf.xacro
[1.168s] -- Symlinking: /home/trucnv/Documents/robot_dev/linorobot2_ws/install/linorobot2_description/share/linorobot2_description/urdf/mech/mecanum_wheel.urdf.xacro
[1.175s] -- Symlinking: /home/trucnv/Documents/robot_dev/linorobot2_ws/install/linorobot2_description/share/linorobot2_description/urdf/mech/wheel.urdf.xacro
[1.181s] -- Symlinking: /home/trucnv/Documents/robot_dev/linorobot2_ws/install/linorobot2_description/share/linorobot2_description/urdf/robots/2wd.urdf.xacro
[1.187s] -- Symlinking: /home/trucnv/Documents/robot_dev/linorobot2_ws/install/linorobot2_description/share/linorobot2_description/urdf/robots/4wd.urdf.xacro
[1.197s] -- Symlinking: /home/trucnv/Documents/robot_dev/linorobot2_ws/install/linorobot2_description/share/linorobot2_description/urdf/robots/mecanum.urdf.xacro
[1.208s] -- Symlinking: /home/trucnv/Documents/robot_dev/linorobot2_ws/install/linorobot2_description/share/linorobot2_description/urdf/robots/vattenkar.urdf.xacro
[1.218s] -- Symlinking: /home/trucnv/Documents/robot_dev/linorobot2_ws/install/linorobot2_description/share/linorobot2_description/urdf/sensors/depth_sensor.urdf.xacro
[1.226s] -- Symlinking: /home/trucnv/Documents/robot_dev/linorobot2_ws/install/linorobot2_description/share/linorobot2_description/urdf/sensors/generic_laser.urdf.xacro
[1.232s] -- Symlinking: /home/trucnv/Documents/robot_dev/linorobot2_ws/install/linorobot2_description/share/linorobot2_description/urdf/sensors/imu.urdf.xacro
[1.239s] -- Symlinking: /home/trucnv/Documents/robot_dev/linorobot2_ws/install/linorobot2_description/share/linorobot2_description/urdf/sensors/laser.urdf.xacro
[1.248s] -- Symlinking: /home/trucnv/Documents/robot_dev/linorobot2_ws/install/linorobot2_description/share/linorobot2_description/urdf/sensors/plugins.urdf.xacro
[1.255s] -- Symlinking: /home/trucnv/Documents/robot_dev/linorobot2_ws/install/linorobot2_description/share/linorobot2_description/rviz/description.rviz
[1.262s] -- Symlinking: /home/trucnv/Documents/robot_dev/linorobot2_ws/install/linorobot2_description/share/linorobot2_description/meshes/base.dae
[1.268s] -- Symlinking: /home/trucnv/Documents/robot_dev/linorobot2_ws/install/linorobot2_description/share/linorobot2_description/meshes/tire.dae
[1.274s] -- Symlinking: /home/trucnv/Documents/robot_dev/linorobot2_ws/install/linorobot2_description/share/ament_index/resource_index/package_run_dependencies/linorobot2_description
[1.282s] -- Symlinking: /home/trucnv/Documents/robot_dev/linorobot2_ws/install/linorobot2_description/share/ament_index/resource_index/parent_prefix_path/linorobot2_description
[1.290s] -- Symlinking: /home/trucnv/Documents/robot_dev/linorobot2_ws/install/linorobot2_description/share/linorobot2_description/environment/ament_prefix_path.sh
[1.295s] -- Symlinking: /home/trucnv/Documents/robot_dev/linorobot2_ws/install/linorobot2_description/share/linorobot2_description/environment/ament_prefix_path.dsv
[1.302s] -- Symlinking: /home/trucnv/Documents/robot_dev/linorobot2_ws/install/linorobot2_description/share/linorobot2_description/environment/path.sh
[1.311s] -- Symlinking: /home/trucnv/Documents/robot_dev/linorobot2_ws/install/linorobot2_description/share/linorobot2_description/environment/path.dsv
[1.317s] -- Symlinking: /home/trucnv/Documents/robot_dev/linorobot2_ws/install/linorobot2_description/share/linorobot2_description/local_setup.bash
[1.327s] -- Symlinking: /home/trucnv/Documents/robot_dev/linorobot2_ws/install/linorobot2_description/share/linorobot2_description/local_setup.sh
[1.334s] -- Symlinking: /home/trucnv/Documents/robot_dev/linorobot2_ws/install/linorobot2_description/share/linorobot2_description/local_setup.zsh
[1.339s] -- Symlinking: /home/trucnv/Documents/robot_dev/linorobot2_ws/install/linorobot2_description/share/linorobot2_description/local_setup.dsv
[1.345s] -- Symlinking: /home/trucnv/Documents/robot_dev/linorobot2_ws/install/linorobot2_description/share/linorobot2_description/package.dsv
[1.351s] -- Symlinking: /home/trucnv/Documents/robot_dev/linorobot2_ws/install/linorobot2_description/share/ament_index/resource_index/packages/linorobot2_description
[1.357s] -- Symlinking: /home/trucnv/Documents/robot_dev/linorobot2_ws/install/linorobot2_description/share/linorobot2_description/cmake/linorobot2_descriptionConfig.cmake
[1.365s] -- Symlinking: /home/trucnv/Documents/robot_dev/linorobot2_ws/install/linorobot2_description/share/linorobot2_description/cmake/linorobot2_descriptionConfig-version.cmake
[1.375s] -- Symlinking: /home/trucnv/Documents/robot_dev/linorobot2_ws/install/linorobot2_description/share/linorobot2_description/package.xml
[1.388s] Invoked command in '/home/trucnv/Documents/robot_dev/linorobot2_ws/build/linorobot2_description' returned '0': CMAKE_PREFIX_PATH=/opt/ros/humble /usr/bin/cmake --install /home/trucnv/Documents/robot_dev/linorobot2_ws/build/linorobot2_description
