[0.033s] Invoking command in '/home/trucnv/Documents/robot_dev/linorobot2_ws/build/drive_base_msgs': CMAKE_PREFIX_PATH=/opt/ros/humble /usr/bin/cmake /home/trucnv/Documents/robot_dev/linorobot2_ws/src/uros/drive_base/drive_base_msgs -DAMENT_CMAKE_SYMLINK_INSTALL=1 -DCMAKE_INSTALL_PREFIX=/home/trucnv/Documents/robot_dev/linorobot2_ws/install/drive_base_msgs
[0.163s] -- The C compiler identification is GNU 11.4.0
[0.211s] -- The CXX compiler identification is GNU 11.4.0
[0.292s] -- Detecting C compiler ABI info
[0.458s] -- Detecting C compiler ABI info - done
[0.465s] -- Check for working C compiler: /usr/bin/cc - skipped
[0.493s] -- Detecting C compile features
[0.496s] -- Detecting C compile features - done
[0.502s] -- Detecting CXX compiler ABI info
[0.591s] -- Detecting CXX compiler ABI info - done
[0.596s] -- Check for working CXX compiler: /usr/bin/c++ - skipped
[0.597s] -- Detecting CXX compile features
[0.597s] -- Detecting CXX compile features - done
[0.598s] -- Found ament_cmake: 1.3.14 (/opt/ros/humble/share/ament_cmake/cmake)
[0.718s] -- Found Python3: /usr/bin/python3 (found version "3.10.12") found components: Interpreter 
[0.762s] -- Override CMake install command with custom implementation using symlinks instead of copying resources
[0.849s] -- Found std_msgs: 4.9.1 (/opt/ros/humble/share/std_msgs/cmake)
[0.880s] -- Found rosidl_generator_c: 3.1.8 (/opt/ros/humble/share/rosidl_generator_c/cmake)
[0.886s] -- Found rosidl_adapter: 3.1.8 (/opt/ros/humble/share/rosidl_adapter/cmake)
[0.892s] -- Found rosidl_generator_cpp: 3.1.8 (/opt/ros/humble/share/rosidl_generator_cpp/cmake)
[0.902s] -- Using all available rosidl_typesupport_c: rosidl_typesupport_fastrtps_c;rosidl_typesupport_introspection_c
[0.914s] -- Using all available rosidl_typesupport_cpp: rosidl_typesupport_fastrtps_cpp;rosidl_typesupport_introspection_cpp
[0.953s] -- Found rosidl_default_generators: 1.2.1 (/opt/ros/humble/share/rosidl_default_generators/cmake)
[1.387s] -- Found ament_cmake_cppcheck: 0.12.15 (/opt/ros/humble/share/ament_cmake_cppcheck/cmake)
[1.392s] -- Found ament_cmake_cpplint: 0.12.15 (/opt/ros/humble/share/ament_cmake_cpplint/cmake)
[1.395s] -- Found ament_cmake_uncrustify: 0.12.15 (/opt/ros/humble/share/ament_cmake_uncrustify/cmake)
[1.399s] -- Found ament_cmake_ros: 0.10.0 (/opt/ros/humble/share/ament_cmake_ros/cmake)
[1.784s] -- Using all available rosidl_typesupport_c: rosidl_typesupport_fastrtps_c;rosidl_typesupport_introspection_c
[2.030s] -- Using all available rosidl_typesupport_cpp: rosidl_typesupport_fastrtps_cpp;rosidl_typesupport_introspection_cpp
[2.062s] -- Found PythonInterp: /usr/bin/python3 (found suitable version "3.10.12", minimum required is "3.6") 
[2.067s] -- Found python_cmake_module: 0.10.0 (/opt/ros/humble/share/python_cmake_module/cmake)
[2.159s] -- Found PythonLibs: /usr/lib/x86_64-linux-gnu/libpython3.10.so (found suitable version "3.10.12", minimum required is "3.5") 
[2.159s] -- Using PYTHON_EXECUTABLE: /usr/bin/python3
[2.159s] -- Using PYTHON_INCLUDE_DIRS: /usr/include/python3.10
[2.159s] -- Using PYTHON_LIBRARIES: /usr/lib/x86_64-linux-gnu/libpython3.10.so
[2.188s] -- Found PythonExtra: .so  
[2.260s] -- Found ament_cmake_flake8: 0.12.15 (/opt/ros/humble/share/ament_cmake_flake8/cmake)
[2.264s] -- Found ament_cmake_pep257: 0.12.15 (/opt/ros/humble/share/ament_cmake_pep257/cmake)
[2.455s] -- Configuring done
[2.500s] -- Generating done
[2.508s] -- Build files have been written to: /home/trucnv/Documents/robot_dev/linorobot2_ws/build/drive_base_msgs
[2.517s] Invoked command in '/home/trucnv/Documents/robot_dev/linorobot2_ws/build/drive_base_msgs' returned '0': CMAKE_PREFIX_PATH=/opt/ros/humble /usr/bin/cmake /home/trucnv/Documents/robot_dev/linorobot2_ws/src/uros/drive_base/drive_base_msgs -DAMENT_CMAKE_SYMLINK_INSTALL=1 -DCMAKE_INSTALL_PREFIX=/home/trucnv/Documents/robot_dev/linorobot2_ws/install/drive_base_msgs
[2.518s] Invoking command in '/home/trucnv/Documents/robot_dev/linorobot2_ws/build/drive_base_msgs': CMAKE_PREFIX_PATH=/opt/ros/humble /usr/bin/cmake --build /home/trucnv/Documents/robot_dev/linorobot2_ws/build/drive_base_msgs -- -j16 -l16
[2.563s] [  1%] [34m[1mGenerating Rust code for ROS interfaces[0m
[2.575s] [  1%] Built target ament_cmake_python_symlink_drive_base_msgs
[2.628s] [  3%] [34m[1mGenerating C code for ROS interfaces[0m
[2.633s] [  5%] [34m[1mGenerating C++ code for ROS interfaces[0m
[3.150s] running egg_info
[3.150s] creating drive_base_msgs.egg-info
[3.150s] writing drive_base_msgs.egg-info/PKG-INFO
[3.150s] writing dependency_links to drive_base_msgs.egg-info/dependency_links.txt
[3.151s] writing top-level names to drive_base_msgs.egg-info/top_level.txt
[3.151s] writing manifest file 'drive_base_msgs.egg-info/SOURCES.txt'
[3.154s] reading manifest file 'drive_base_msgs.egg-info/SOURCES.txt'
[3.154s] writing manifest file 'drive_base_msgs.egg-info/SOURCES.txt'
[3.173s] [  5%] Built target ament_cmake_python_build_drive_base_msgs_egg
[3.295s] [  5%] Built target drive_base_msgs__rs
[3.300s] [  8%] [32mBuilding C object CMakeFiles/drive_base_msgs__rosidl_generator_c.dir/rosidl_generator_c/drive_base_msgs/msg/detail/base_info__functions.c.o[0m
[3.300s] [  8%] [32mBuilding C object CMakeFiles/drive_base_msgs__rosidl_generator_c.dir/rosidl_generator_c/drive_base_msgs/msg/detail/command_status__functions.c.o[0m
[3.300s] [ 10%] [32mBuilding C object CMakeFiles/drive_base_msgs__rosidl_generator_c.dir/rosidl_generator_c/drive_base_msgs/msg/detail/trv_command__functions.c.o[0m
[3.302s] [ 12%] [32mBuilding C object CMakeFiles/drive_base_msgs__rosidl_generator_c.dir/rosidl_generator_c/drive_base_msgs/msg/detail/command_header__functions.c.o[0m
[3.337s] [ 12%] Built target drive_base_msgs__cpp
[3.347s] [ 16%] [34m[1mGenerating C++ type support for eProsima Fast-RTPS[0m
[3.347s] [ 16%] [34m[1mGenerating C++ type support dispatch for ROS interfaces[0m
[3.348s] [ 17%] [34m[1mGenerating C++ introspection for ROS interfaces[0m
[3.422s] [ 19%] [32m[1mLinking C shared library libdrive_base_msgs__rosidl_generator_c.so[0m
[3.469s] [ 19%] Built target drive_base_msgs__rosidl_generator_c
[3.544s] [ 23%] [34m[1mGenerating C type support for eProsima Fast-RTPS[0m
[3.545s] [ 23%] [34m[1mGenerating C introspection for ROS interfaces[0m
[3.545s] [ 25%] [34m[1mGenerating C type support dispatch for ROS interfaces[0m
[3.916s] [ 28%] [32mBuilding CXX object CMakeFiles/drive_base_msgs__rosidl_typesupport_fastrtps_cpp.dir/rosidl_typesupport_fastrtps_cpp/drive_base_msgs/msg/detail/dds_fastrtps/command_header__type_support.cpp.o[0m
[3.916s] [ 26%] [32mBuilding CXX object CMakeFiles/drive_base_msgs__rosidl_typesupport_fastrtps_cpp.dir/rosidl_typesupport_fastrtps_cpp/drive_base_msgs/msg/detail/dds_fastrtps/command_status__type_support.cpp.o[0m
[3.916s] [ 30%] [32mBuilding CXX object CMakeFiles/drive_base_msgs__rosidl_typesupport_fastrtps_cpp.dir/rosidl_typesupport_fastrtps_cpp/drive_base_msgs/msg/detail/dds_fastrtps/base_info__type_support.cpp.o[0m
[3.916s] [ 32%] [32mBuilding CXX object CMakeFiles/drive_base_msgs__rosidl_typesupport_fastrtps_cpp.dir/rosidl_typesupport_fastrtps_cpp/drive_base_msgs/msg/detail/dds_fastrtps/trv_command__type_support.cpp.o[0m
[3.933s] [ 33%] [32mBuilding CXX object CMakeFiles/drive_base_msgs__rosidl_typesupport_cpp.dir/rosidl_typesupport_cpp/drive_base_msgs/msg/base_info__type_support.cpp.o[0m
[3.933s] [ 35%] [32mBuilding CXX object CMakeFiles/drive_base_msgs__rosidl_typesupport_cpp.dir/rosidl_typesupport_cpp/drive_base_msgs/msg/trv_command__type_support.cpp.o[0m
[3.935s] [ 37%] [32mBuilding CXX object CMakeFiles/drive_base_msgs__rosidl_typesupport_cpp.dir/rosidl_typesupport_cpp/drive_base_msgs/msg/command_status__type_support.cpp.o[0m
[3.935s] [ 39%] [32mBuilding CXX object CMakeFiles/drive_base_msgs__rosidl_typesupport_cpp.dir/rosidl_typesupport_cpp/drive_base_msgs/msg/command_header__type_support.cpp.o[0m
[3.992s] [ 42%] [32mBuilding CXX object CMakeFiles/drive_base_msgs__rosidl_typesupport_introspection_cpp.dir/rosidl_typesupport_introspection_cpp/drive_base_msgs/msg/detail/base_info__type_support.cpp.o[0m
[3.993s] [ 42%] [32mBuilding CXX object CMakeFiles/drive_base_msgs__rosidl_typesupport_introspection_cpp.dir/rosidl_typesupport_introspection_cpp/drive_base_msgs/msg/detail/command_header__type_support.cpp.o[0m
[3.993s] [ 44%] [32mBuilding CXX object CMakeFiles/drive_base_msgs__rosidl_typesupport_introspection_cpp.dir/rosidl_typesupport_introspection_cpp/drive_base_msgs/msg/detail/command_status__type_support.cpp.o[0m
[3.993s] [ 46%] [32mBuilding CXX object CMakeFiles/drive_base_msgs__rosidl_typesupport_introspection_cpp.dir/rosidl_typesupport_introspection_cpp/drive_base_msgs/msg/detail/trv_command__type_support.cpp.o[0m
[4.309s] [ 48%] [32mBuilding CXX object CMakeFiles/drive_base_msgs__rosidl_typesupport_c.dir/rosidl_typesupport_c/drive_base_msgs/msg/command_header__type_support.cpp.o[0m
[4.310s] [ 50%] [32mBuilding CXX object CMakeFiles/drive_base_msgs__rosidl_typesupport_c.dir/rosidl_typesupport_c/drive_base_msgs/msg/trv_command__type_support.cpp.o[0m
[4.322s] [ 51%] [32mBuilding CXX object CMakeFiles/drive_base_msgs__rosidl_typesupport_c.dir/rosidl_typesupport_c/drive_base_msgs/msg/base_info__type_support.cpp.o[0m
[4.324s] [ 53%] [32mBuilding CXX object CMakeFiles/drive_base_msgs__rosidl_typesupport_c.dir/rosidl_typesupport_c/drive_base_msgs/msg/command_status__type_support.cpp.o[0m
[4.371s] [ 55%] [32mBuilding CXX object CMakeFiles/drive_base_msgs__rosidl_typesupport_fastrtps_c.dir/rosidl_typesupport_fastrtps_c/drive_base_msgs/msg/detail/command_header__type_support_c.cpp.o[0m
[4.373s] [ 57%] [32mBuilding CXX object CMakeFiles/drive_base_msgs__rosidl_typesupport_fastrtps_c.dir/rosidl_typesupport_fastrtps_c/drive_base_msgs/msg/detail/base_info__type_support_c.cpp.o[0m
[4.387s] [ 58%] [32m[1mLinking CXX shared library libdrive_base_msgs__rosidl_typesupport_cpp.so[0m
[4.389s] [ 60%] [32mBuilding CXX object CMakeFiles/drive_base_msgs__rosidl_typesupport_fastrtps_c.dir/rosidl_typesupport_fastrtps_c/drive_base_msgs/msg/detail/command_status__type_support_c.cpp.o[0m
[4.391s] [ 62%] [32mBuilding CXX object CMakeFiles/drive_base_msgs__rosidl_typesupport_fastrtps_c.dir/rosidl_typesupport_fastrtps_c/drive_base_msgs/msg/detail/trv_command__type_support_c.cpp.o[0m
[4.404s] [ 64%] [32m[1mLinking CXX shared library libdrive_base_msgs__rosidl_typesupport_fastrtps_cpp.so[0m
[4.404s] [ 66%] [32m[1mLinking CXX shared library libdrive_base_msgs__rosidl_typesupport_c.so[0m
[4.434s] [ 66%] Built target drive_base_msgs__rosidl_typesupport_cpp
[4.437s] [ 66%] Built target drive_base_msgs__rosidl_typesupport_c
[4.438s] [ 67%] [32m[1mLinking CXX shared library libdrive_base_msgs__rosidl_typesupport_introspection_cpp.so[0m
[4.466s] [ 67%] Built target drive_base_msgs__rosidl_typesupport_fastrtps_cpp
[4.506s] [ 67%] Built target drive_base_msgs__rosidl_typesupport_introspection_cpp
[4.583s] [ 69%] [32mBuilding C object CMakeFiles/drive_base_msgs__rosidl_typesupport_introspection_c.dir/rosidl_typesupport_introspection_c/drive_base_msgs/msg/detail/base_info__type_support.c.o[0m
[4.586s] [ 75%] [32mBuilding C object CMakeFiles/drive_base_msgs__rosidl_typesupport_introspection_c.dir/rosidl_typesupport_introspection_c/drive_base_msgs/msg/detail/command_status__type_support.c.o[0m
[4.586s] [ 75%] [32mBuilding C object CMakeFiles/drive_base_msgs__rosidl_typesupport_introspection_c.dir/rosidl_typesupport_introspection_c/drive_base_msgs/msg/detail/trv_command__type_support.c.o[0m
[4.586s] [ 75%] [32mBuilding C object CMakeFiles/drive_base_msgs__rosidl_typesupport_introspection_c.dir/rosidl_typesupport_introspection_c/drive_base_msgs/msg/detail/command_header__type_support.c.o[0m
[4.648s] [ 76%] [32m[1mLinking CXX shared library libdrive_base_msgs__rosidl_typesupport_fastrtps_c.so[0m
[4.656s] [ 78%] [32m[1mLinking C shared library libdrive_base_msgs__rosidl_typesupport_introspection_c.so[0m
[4.682s] [ 78%] Built target drive_base_msgs__rosidl_typesupport_introspection_c
[4.715s] [ 78%] Built target drive_base_msgs__rosidl_typesupport_fastrtps_c
[4.732s] [ 78%] Built target drive_base_msgs
[4.752s] [ 80%] [34m[1mGenerating Python code for ROS interfaces[0m
[5.718s] [ 80%] Built target drive_base_msgs__py
[5.733s] [ 82%] [32mBuilding C object CMakeFiles/drive_base_msgs__rosidl_generator_py.dir/rosidl_generator_py/drive_base_msgs/msg/_command_status_s.c.o[0m
[5.733s] [ 83%] [32mBuilding C object CMakeFiles/drive_base_msgs__rosidl_generator_py.dir/rosidl_generator_py/drive_base_msgs/msg/_trv_command_s.c.o[0m
[5.733s] [ 85%] [32mBuilding C object CMakeFiles/drive_base_msgs__rosidl_generator_py.dir/rosidl_generator_py/drive_base_msgs/msg/_base_info_s.c.o[0m
[5.734s] [ 87%] [32mBuilding C object CMakeFiles/drive_base_msgs__rosidl_generator_py.dir/rosidl_generator_py/drive_base_msgs/msg/_command_header_s.c.o[0m
[5.896s] [ 89%] [32m[1mLinking C shared library rosidl_generator_py/drive_base_msgs/libdrive_base_msgs__rosidl_generator_py.so[0m
[5.985s] [ 89%] Built target drive_base_msgs__rosidl_generator_py
[6.001s] [ 91%] [32mBuilding C object CMakeFiles/drive_base_msgs__rosidl_typesupport_c__pyext.dir/rosidl_generator_py/drive_base_msgs/_drive_base_msgs_s.ep.rosidl_typesupport_c.c.o[0m
[6.004s] [ 94%] [32mBuilding C object CMakeFiles/drive_base_msgs__rosidl_typesupport_fastrtps_c__pyext.dir/rosidl_generator_py/drive_base_msgs/_drive_base_msgs_s.ep.rosidl_typesupport_fastrtps_c.c.o[0m
[6.004s] [ 94%] [32mBuilding C object CMakeFiles/drive_base_msgs__rosidl_typesupport_introspection_c__pyext.dir/rosidl_generator_py/drive_base_msgs/_drive_base_msgs_s.ep.rosidl_typesupport_introspection_c.c.o[0m
[6.095s] [ 96%] [32m[1mLinking C shared library rosidl_generator_py/drive_base_msgs/drive_base_msgs_s__rosidl_typesupport_fastrtps_c.cpython-310-x86_64-linux-gnu.so[0m
[6.096s] [ 98%] [32m[1mLinking C shared library rosidl_generator_py/drive_base_msgs/drive_base_msgs_s__rosidl_typesupport_c.cpython-310-x86_64-linux-gnu.so[0m
[6.098s] [100%] [32m[1mLinking C shared library rosidl_generator_py/drive_base_msgs/drive_base_msgs_s__rosidl_typesupport_introspection_c.cpython-310-x86_64-linux-gnu.so[0m
[6.124s] [100%] Built target drive_base_msgs__rosidl_typesupport_c__pyext
[6.124s] [100%] Built target drive_base_msgs__rosidl_typesupport_fastrtps_c__pyext
[6.126s] [100%] Built target drive_base_msgs__rosidl_typesupport_introspection_c__pyext
[6.138s] Invoked command in '/home/trucnv/Documents/robot_dev/linorobot2_ws/build/drive_base_msgs' returned '0': CMAKE_PREFIX_PATH=/opt/ros/humble /usr/bin/cmake --build /home/trucnv/Documents/robot_dev/linorobot2_ws/build/drive_base_msgs -- -j16 -l16
[6.140s] Invoking command in '/home/trucnv/Documents/robot_dev/linorobot2_ws/build/drive_base_msgs': CMAKE_PREFIX_PATH=/opt/ros/humble /usr/bin/cmake --install /home/trucnv/Documents/robot_dev/linorobot2_ws/build/drive_base_msgs
[6.148s] -- Install configuration: ""
[6.149s] -- Execute custom install script
[6.149s] -- Symlinking: /home/trucnv/Documents/robot_dev/linorobot2_ws/install/drive_base_msgs/share/ament_index/resource_index/rosidl_interfaces/drive_base_msgs
[6.155s] -- Symlinking: /home/trucnv/Documents/robot_dev/linorobot2_ws/install/drive_base_msgs/include/drive_base_msgs/drive_base_msgs/msg/base_info.h
[6.162s] -- Symlinking: /home/trucnv/Documents/robot_dev/linorobot2_ws/install/drive_base_msgs/include/drive_base_msgs/drive_base_msgs/msg/command_header.h
[6.169s] -- Symlinking: /home/trucnv/Documents/robot_dev/linorobot2_ws/install/drive_base_msgs/include/drive_base_msgs/drive_base_msgs/msg/command_status.h
[6.176s] -- Symlinking: /home/trucnv/Documents/robot_dev/linorobot2_ws/install/drive_base_msgs/include/drive_base_msgs/drive_base_msgs/msg/detail/base_info__functions.h
[6.184s] -- Symlinking: /home/trucnv/Documents/robot_dev/linorobot2_ws/install/drive_base_msgs/include/drive_base_msgs/drive_base_msgs/msg/detail/base_info__struct.h
[6.192s] -- Symlinking: /home/trucnv/Documents/robot_dev/linorobot2_ws/install/drive_base_msgs/include/drive_base_msgs/drive_base_msgs/msg/detail/base_info__type_support.h
[6.199s] -- Symlinking: /home/trucnv/Documents/robot_dev/linorobot2_ws/install/drive_base_msgs/include/drive_base_msgs/drive_base_msgs/msg/detail/command_header__functions.h
[6.205s] -- Symlinking: /home/trucnv/Documents/robot_dev/linorobot2_ws/install/drive_base_msgs/include/drive_base_msgs/drive_base_msgs/msg/detail/command_header__struct.h
[6.210s] -- Symlinking: /home/trucnv/Documents/robot_dev/linorobot2_ws/install/drive_base_msgs/include/drive_base_msgs/drive_base_msgs/msg/detail/command_header__type_support.h
[6.217s] -- Symlinking: /home/trucnv/Documents/robot_dev/linorobot2_ws/install/drive_base_msgs/include/drive_base_msgs/drive_base_msgs/msg/detail/command_status__functions.h
[6.222s] -- Symlinking: /home/trucnv/Documents/robot_dev/linorobot2_ws/install/drive_base_msgs/include/drive_base_msgs/drive_base_msgs/msg/detail/command_status__struct.h
[6.231s] -- Symlinking: /home/trucnv/Documents/robot_dev/linorobot2_ws/install/drive_base_msgs/include/drive_base_msgs/drive_base_msgs/msg/detail/command_status__type_support.h
[6.237s] -- Symlinking: /home/trucnv/Documents/robot_dev/linorobot2_ws/install/drive_base_msgs/include/drive_base_msgs/drive_base_msgs/msg/detail/trv_command__functions.h
[6.245s] -- Symlinking: /home/trucnv/Documents/robot_dev/linorobot2_ws/install/drive_base_msgs/include/drive_base_msgs/drive_base_msgs/msg/detail/trv_command__struct.h
[6.253s] -- Symlinking: /home/trucnv/Documents/robot_dev/linorobot2_ws/install/drive_base_msgs/include/drive_base_msgs/drive_base_msgs/msg/detail/trv_command__type_support.h
[6.263s] -- Symlinking: /home/trucnv/Documents/robot_dev/linorobot2_ws/install/drive_base_msgs/include/drive_base_msgs/drive_base_msgs/msg/rosidl_generator_c__visibility_control.h
[6.272s] -- Symlinking: /home/trucnv/Documents/robot_dev/linorobot2_ws/install/drive_base_msgs/include/drive_base_msgs/drive_base_msgs/msg/trv_command.h
[6.280s] -- Symlinking: /home/trucnv/Documents/robot_dev/linorobot2_ws/install/drive_base_msgs/share/drive_base_msgs/environment/library_path.sh
[6.286s] -- Symlinking: /home/trucnv/Documents/robot_dev/linorobot2_ws/install/drive_base_msgs/share/drive_base_msgs/environment/library_path.dsv
[6.292s] -- Symlinking: /home/trucnv/Documents/robot_dev/linorobot2_ws/install/drive_base_msgs/include/drive_base_msgs/drive_base_msgs/msg/detail/base_info__rosidl_typesupport_fastrtps_c.h
[6.297s] -- Symlinking: /home/trucnv/Documents/robot_dev/linorobot2_ws/install/drive_base_msgs/include/drive_base_msgs/drive_base_msgs/msg/detail/command_header__rosidl_typesupport_fastrtps_c.h
[6.304s] -- Symlinking: /home/trucnv/Documents/robot_dev/linorobot2_ws/install/drive_base_msgs/include/drive_base_msgs/drive_base_msgs/msg/detail/command_status__rosidl_typesupport_fastrtps_c.h
[6.311s] -- Symlinking: /home/trucnv/Documents/robot_dev/linorobot2_ws/install/drive_base_msgs/include/drive_base_msgs/drive_base_msgs/msg/detail/trv_command__rosidl_typesupport_fastrtps_c.h
[6.317s] -- Symlinking: /home/trucnv/Documents/robot_dev/linorobot2_ws/install/drive_base_msgs/include/drive_base_msgs/drive_base_msgs/msg/rosidl_typesupport_fastrtps_c__visibility_control.h
[6.323s] -- Symlinking: /home/trucnv/Documents/robot_dev/linorobot2_ws/install/drive_base_msgs/include/drive_base_msgs/drive_base_msgs/msg/base_info.hpp
[6.330s] -- Symlinking: /home/trucnv/Documents/robot_dev/linorobot2_ws/install/drive_base_msgs/include/drive_base_msgs/drive_base_msgs/msg/command_header.hpp
[6.336s] -- Symlinking: /home/trucnv/Documents/robot_dev/linorobot2_ws/install/drive_base_msgs/include/drive_base_msgs/drive_base_msgs/msg/command_status.hpp
[6.342s] -- Symlinking: /home/trucnv/Documents/robot_dev/linorobot2_ws/install/drive_base_msgs/include/drive_base_msgs/drive_base_msgs/msg/detail/base_info__builder.hpp
[6.349s] -- Symlinking: /home/trucnv/Documents/robot_dev/linorobot2_ws/install/drive_base_msgs/include/drive_base_msgs/drive_base_msgs/msg/detail/base_info__struct.hpp
[6.355s] -- Symlinking: /home/trucnv/Documents/robot_dev/linorobot2_ws/install/drive_base_msgs/include/drive_base_msgs/drive_base_msgs/msg/detail/base_info__traits.hpp
[6.361s] -- Symlinking: /home/trucnv/Documents/robot_dev/linorobot2_ws/install/drive_base_msgs/include/drive_base_msgs/drive_base_msgs/msg/detail/base_info__type_support.hpp
[6.370s] -- Symlinking: /home/trucnv/Documents/robot_dev/linorobot2_ws/install/drive_base_msgs/include/drive_base_msgs/drive_base_msgs/msg/detail/command_header__builder.hpp
[6.376s] -- Symlinking: /home/trucnv/Documents/robot_dev/linorobot2_ws/install/drive_base_msgs/include/drive_base_msgs/drive_base_msgs/msg/detail/command_header__struct.hpp
[6.381s] -- Symlinking: /home/trucnv/Documents/robot_dev/linorobot2_ws/install/drive_base_msgs/include/drive_base_msgs/drive_base_msgs/msg/detail/command_header__traits.hpp
[6.387s] -- Symlinking: /home/trucnv/Documents/robot_dev/linorobot2_ws/install/drive_base_msgs/include/drive_base_msgs/drive_base_msgs/msg/detail/command_header__type_support.hpp
[6.394s] -- Symlinking: /home/trucnv/Documents/robot_dev/linorobot2_ws/install/drive_base_msgs/include/drive_base_msgs/drive_base_msgs/msg/detail/command_status__builder.hpp
[6.399s] -- Symlinking: /home/trucnv/Documents/robot_dev/linorobot2_ws/install/drive_base_msgs/include/drive_base_msgs/drive_base_msgs/msg/detail/command_status__struct.hpp
[6.405s] -- Symlinking: /home/trucnv/Documents/robot_dev/linorobot2_ws/install/drive_base_msgs/include/drive_base_msgs/drive_base_msgs/msg/detail/command_status__traits.hpp
[6.411s] -- Symlinking: /home/trucnv/Documents/robot_dev/linorobot2_ws/install/drive_base_msgs/include/drive_base_msgs/drive_base_msgs/msg/detail/command_status__type_support.hpp
[6.419s] -- Symlinking: /home/trucnv/Documents/robot_dev/linorobot2_ws/install/drive_base_msgs/include/drive_base_msgs/drive_base_msgs/msg/detail/trv_command__builder.hpp
[6.426s] -- Symlinking: /home/trucnv/Documents/robot_dev/linorobot2_ws/install/drive_base_msgs/include/drive_base_msgs/drive_base_msgs/msg/detail/trv_command__struct.hpp
[6.433s] -- Symlinking: /home/trucnv/Documents/robot_dev/linorobot2_ws/install/drive_base_msgs/include/drive_base_msgs/drive_base_msgs/msg/detail/trv_command__traits.hpp
[6.442s] -- Symlinking: /home/trucnv/Documents/robot_dev/linorobot2_ws/install/drive_base_msgs/include/drive_base_msgs/drive_base_msgs/msg/detail/trv_command__type_support.hpp
[6.449s] -- Symlinking: /home/trucnv/Documents/robot_dev/linorobot2_ws/install/drive_base_msgs/include/drive_base_msgs/drive_base_msgs/msg/rosidl_generator_cpp__visibility_control.hpp
[6.455s] -- Symlinking: /home/trucnv/Documents/robot_dev/linorobot2_ws/install/drive_base_msgs/include/drive_base_msgs/drive_base_msgs/msg/trv_command.hpp
[6.462s] -- Symlinking: /home/trucnv/Documents/robot_dev/linorobot2_ws/install/drive_base_msgs/include/drive_base_msgs/drive_base_msgs/msg/detail/base_info__rosidl_typesupport_fastrtps_cpp.hpp
[6.468s] -- Symlinking: /home/trucnv/Documents/robot_dev/linorobot2_ws/install/drive_base_msgs/include/drive_base_msgs/drive_base_msgs/msg/detail/command_header__rosidl_typesupport_fastrtps_cpp.hpp
[6.473s] -- Symlinking: /home/trucnv/Documents/robot_dev/linorobot2_ws/install/drive_base_msgs/include/drive_base_msgs/drive_base_msgs/msg/detail/command_status__rosidl_typesupport_fastrtps_cpp.hpp
[6.479s] -- Symlinking: /home/trucnv/Documents/robot_dev/linorobot2_ws/install/drive_base_msgs/include/drive_base_msgs/drive_base_msgs/msg/detail/trv_command__rosidl_typesupport_fastrtps_cpp.hpp
[6.485s] -- Symlinking: /home/trucnv/Documents/robot_dev/linorobot2_ws/install/drive_base_msgs/include/drive_base_msgs/drive_base_msgs/msg/rosidl_typesupport_fastrtps_cpp__visibility_control.h
[6.491s] -- Symlinking: /home/trucnv/Documents/robot_dev/linorobot2_ws/install/drive_base_msgs/include/drive_base_msgs/drive_base_msgs/msg/detail/base_info__rosidl_typesupport_introspection_c.h
[6.499s] -- Symlinking: /home/trucnv/Documents/robot_dev/linorobot2_ws/install/drive_base_msgs/include/drive_base_msgs/drive_base_msgs/msg/detail/command_header__rosidl_typesupport_introspection_c.h
[6.505s] -- Symlinking: /home/trucnv/Documents/robot_dev/linorobot2_ws/install/drive_base_msgs/include/drive_base_msgs/drive_base_msgs/msg/detail/command_status__rosidl_typesupport_introspection_c.h
[6.512s] -- Symlinking: /home/trucnv/Documents/robot_dev/linorobot2_ws/install/drive_base_msgs/include/drive_base_msgs/drive_base_msgs/msg/detail/trv_command__rosidl_typesupport_introspection_c.h
[6.518s] -- Symlinking: /home/trucnv/Documents/robot_dev/linorobot2_ws/install/drive_base_msgs/include/drive_base_msgs/drive_base_msgs/msg/rosidl_typesupport_introspection_c__visibility_control.h
[6.526s] -- Symlinking: /home/trucnv/Documents/robot_dev/linorobot2_ws/install/drive_base_msgs/include/drive_base_msgs/drive_base_msgs/msg/detail/base_info__rosidl_typesupport_introspection_cpp.hpp
[6.531s] -- Symlinking: /home/trucnv/Documents/robot_dev/linorobot2_ws/install/drive_base_msgs/include/drive_base_msgs/drive_base_msgs/msg/detail/command_header__rosidl_typesupport_introspection_cpp.hpp
[6.537s] -- Symlinking: /home/trucnv/Documents/robot_dev/linorobot2_ws/install/drive_base_msgs/include/drive_base_msgs/drive_base_msgs/msg/detail/command_status__rosidl_typesupport_introspection_cpp.hpp
[6.545s] -- Symlinking: /home/trucnv/Documents/robot_dev/linorobot2_ws/install/drive_base_msgs/include/drive_base_msgs/drive_base_msgs/msg/detail/trv_command__rosidl_typesupport_introspection_cpp.hpp
[6.551s] -- Symlinking: /home/trucnv/Documents/robot_dev/linorobot2_ws/install/drive_base_msgs/share/drive_base_msgs/environment/pythonpath.sh
[6.559s] -- Symlinking: /home/trucnv/Documents/robot_dev/linorobot2_ws/install/drive_base_msgs/share/drive_base_msgs/environment/pythonpath.dsv
[6.566s] -- Symlinking: /home/trucnv/Documents/robot_dev/linorobot2_ws/install/drive_base_msgs/local/lib/python3.10/dist-packages/drive_base_msgs-0.0.0-py3.10.egg-info/PKG-INFO
[6.571s] -- Symlinking: /home/trucnv/Documents/robot_dev/linorobot2_ws/install/drive_base_msgs/local/lib/python3.10/dist-packages/drive_base_msgs-0.0.0-py3.10.egg-info/SOURCES.txt
[6.578s] -- Symlinking: /home/trucnv/Documents/robot_dev/linorobot2_ws/install/drive_base_msgs/local/lib/python3.10/dist-packages/drive_base_msgs-0.0.0-py3.10.egg-info/dependency_links.txt
[6.585s] -- Symlinking: /home/trucnv/Documents/robot_dev/linorobot2_ws/install/drive_base_msgs/local/lib/python3.10/dist-packages/drive_base_msgs-0.0.0-py3.10.egg-info/top_level.txt
[6.591s] -- Symlinking: /home/trucnv/Documents/robot_dev/linorobot2_ws/install/drive_base_msgs/local/lib/python3.10/dist-packages/drive_base_msgs/__init__.py
[6.600s] -- Symlinking: /home/trucnv/Documents/robot_dev/linorobot2_ws/install/drive_base_msgs/local/lib/python3.10/dist-packages/drive_base_msgs/_drive_base_msgs_s.ep.rosidl_typesupport_c.c
[6.606s] -- Symlinking: /home/trucnv/Documents/robot_dev/linorobot2_ws/install/drive_base_msgs/local/lib/python3.10/dist-packages/drive_base_msgs/_drive_base_msgs_s.ep.rosidl_typesupport_fastrtps_c.c
[6.611s] -- Symlinking: /home/trucnv/Documents/robot_dev/linorobot2_ws/install/drive_base_msgs/local/lib/python3.10/dist-packages/drive_base_msgs/_drive_base_msgs_s.ep.rosidl_typesupport_introspection_c.c
[6.620s] -- Symlinking: /home/trucnv/Documents/robot_dev/linorobot2_ws/install/drive_base_msgs/local/lib/python3.10/dist-packages/drive_base_msgs/drive_base_msgs_s__rosidl_typesupport_c.cpython-310-x86_64-linux-gnu.so
[6.626s] -- Symlinking: /home/trucnv/Documents/robot_dev/linorobot2_ws/install/drive_base_msgs/local/lib/python3.10/dist-packages/drive_base_msgs/drive_base_msgs_s__rosidl_typesupport_fastrtps_c.cpython-310-x86_64-linux-gnu.so
[6.633s] -- Symlinking: /home/trucnv/Documents/robot_dev/linorobot2_ws/install/drive_base_msgs/local/lib/python3.10/dist-packages/drive_base_msgs/drive_base_msgs_s__rosidl_typesupport_introspection_c.cpython-310-x86_64-linux-gnu.so
[6.640s] -- Symlinking: /home/trucnv/Documents/robot_dev/linorobot2_ws/install/drive_base_msgs/local/lib/python3.10/dist-packages/drive_base_msgs/libdrive_base_msgs__rosidl_generator_py.so
[6.646s] -- Symlinking: /home/trucnv/Documents/robot_dev/linorobot2_ws/install/drive_base_msgs/local/lib/python3.10/dist-packages/drive_base_msgs/msg/__init__.py
[6.652s] -- Symlinking: /home/trucnv/Documents/robot_dev/linorobot2_ws/install/drive_base_msgs/local/lib/python3.10/dist-packages/drive_base_msgs/msg/_base_info.py
[6.658s] -- Symlinking: /home/trucnv/Documents/robot_dev/linorobot2_ws/install/drive_base_msgs/local/lib/python3.10/dist-packages/drive_base_msgs/msg/_base_info_s.c
[6.665s] -- Symlinking: /home/trucnv/Documents/robot_dev/linorobot2_ws/install/drive_base_msgs/local/lib/python3.10/dist-packages/drive_base_msgs/msg/_command_header.py
[6.672s] -- Symlinking: /home/trucnv/Documents/robot_dev/linorobot2_ws/install/drive_base_msgs/local/lib/python3.10/dist-packages/drive_base_msgs/msg/_command_header_s.c
[6.678s] -- Symlinking: /home/trucnv/Documents/robot_dev/linorobot2_ws/install/drive_base_msgs/local/lib/python3.10/dist-packages/drive_base_msgs/msg/_command_status.py
[6.685s] -- Symlinking: /home/trucnv/Documents/robot_dev/linorobot2_ws/install/drive_base_msgs/local/lib/python3.10/dist-packages/drive_base_msgs/msg/_command_status_s.c
[6.691s] -- Symlinking: /home/trucnv/Documents/robot_dev/linorobot2_ws/install/drive_base_msgs/local/lib/python3.10/dist-packages/drive_base_msgs/msg/_trv_command.py
[6.696s] -- Symlinking: /home/trucnv/Documents/robot_dev/linorobot2_ws/install/drive_base_msgs/local/lib/python3.10/dist-packages/drive_base_msgs/msg/_trv_command_s.c
[6.701s] -- Up-to-date symlink: /home/trucnv/Documents/robot_dev/linorobot2_ws/install/drive_base_msgs/local/lib/python3.10/dist-packages/drive_base_msgs/drive_base_msgs_s__rosidl_typesupport_fastrtps_c.cpython-310-x86_64-linux-gnu.so
[6.702s] -- Up-to-date symlink: /home/trucnv/Documents/robot_dev/linorobot2_ws/install/drive_base_msgs/local/lib/python3.10/dist-packages/drive_base_msgs/drive_base_msgs_s__rosidl_typesupport_introspection_c.cpython-310-x86_64-linux-gnu.so
[6.702s] -- Up-to-date symlink: /home/trucnv/Documents/robot_dev/linorobot2_ws/install/drive_base_msgs/local/lib/python3.10/dist-packages/drive_base_msgs/drive_base_msgs_s__rosidl_typesupport_c.cpython-310-x86_64-linux-gnu.so
[6.702s] -- Symlinking: /home/trucnv/Documents/robot_dev/linorobot2_ws/install/drive_base_msgs/share/ament_index/resource_index/rust_packages/drive_base_msgs
[6.707s] -- Symlinking: /home/trucnv/Documents/robot_dev/linorobot2_ws/install/drive_base_msgs/share/drive_base_msgs/rust/Cargo.toml
[6.714s] -- Symlinking: /home/trucnv/Documents/robot_dev/linorobot2_ws/install/drive_base_msgs/share/drive_base_msgs/rust/build.rs
[6.722s] -- Symlinking: /home/trucnv/Documents/robot_dev/linorobot2_ws/install/drive_base_msgs/share/drive_base_msgs/rust/src/lib.rs
[6.727s] -- Symlinking: /home/trucnv/Documents/robot_dev/linorobot2_ws/install/drive_base_msgs/share/drive_base_msgs/rust/src/msg.rs
[6.737s] -- Symlinking: /home/trucnv/Documents/robot_dev/linorobot2_ws/install/drive_base_msgs/share/drive_base_msgs/rust/src/msg/rmw.rs
[6.743s] -- Symlinking: /home/trucnv/Documents/robot_dev/linorobot2_ws/install/drive_base_msgs/share/drive_base_msgs/msg/CommandHeader.idl
[6.750s] -- Symlinking: /home/trucnv/Documents/robot_dev/linorobot2_ws/install/drive_base_msgs/share/drive_base_msgs/msg/BaseInfo.idl
[6.758s] -- Symlinking: /home/trucnv/Documents/robot_dev/linorobot2_ws/install/drive_base_msgs/share/drive_base_msgs/msg/CommandStatus.idl
[6.764s] -- Symlinking: /home/trucnv/Documents/robot_dev/linorobot2_ws/install/drive_base_msgs/share/drive_base_msgs/msg/TRVCommand.idl
[6.770s] -- Symlinking: /home/trucnv/Documents/robot_dev/linorobot2_ws/install/drive_base_msgs/share/drive_base_msgs/msg/CommandHeader.msg
[6.777s] -- Symlinking: /home/trucnv/Documents/robot_dev/linorobot2_ws/install/drive_base_msgs/share/drive_base_msgs/msg/BaseInfo.msg
[6.783s] -- Symlinking: /home/trucnv/Documents/robot_dev/linorobot2_ws/install/drive_base_msgs/share/drive_base_msgs/msg/CommandStatus.msg
[6.788s] -- Symlinking: /home/trucnv/Documents/robot_dev/linorobot2_ws/install/drive_base_msgs/share/drive_base_msgs/msg/TRVCommand.msg
[6.794s] -- Symlinking: /home/trucnv/Documents/robot_dev/linorobot2_ws/install/drive_base_msgs/share/ament_index/resource_index/package_run_dependencies/drive_base_msgs
[6.800s] -- Symlinking: /home/trucnv/Documents/robot_dev/linorobot2_ws/install/drive_base_msgs/share/ament_index/resource_index/parent_prefix_path/drive_base_msgs
[6.806s] -- Symlinking: /home/trucnv/Documents/robot_dev/linorobot2_ws/install/drive_base_msgs/share/drive_base_msgs/environment/ament_prefix_path.sh
[6.811s] -- Symlinking: /home/trucnv/Documents/robot_dev/linorobot2_ws/install/drive_base_msgs/share/drive_base_msgs/environment/ament_prefix_path.dsv
[6.817s] -- Symlinking: /home/trucnv/Documents/robot_dev/linorobot2_ws/install/drive_base_msgs/share/drive_base_msgs/environment/path.sh
[6.823s] -- Symlinking: /home/trucnv/Documents/robot_dev/linorobot2_ws/install/drive_base_msgs/share/drive_base_msgs/environment/path.dsv
[6.828s] -- Symlinking: /home/trucnv/Documents/robot_dev/linorobot2_ws/install/drive_base_msgs/share/drive_base_msgs/local_setup.bash
[6.833s] -- Symlinking: /home/trucnv/Documents/robot_dev/linorobot2_ws/install/drive_base_msgs/share/drive_base_msgs/local_setup.sh
[6.840s] -- Symlinking: /home/trucnv/Documents/robot_dev/linorobot2_ws/install/drive_base_msgs/share/drive_base_msgs/local_setup.zsh
[6.848s] -- Symlinking: /home/trucnv/Documents/robot_dev/linorobot2_ws/install/drive_base_msgs/share/drive_base_msgs/local_setup.dsv
[6.855s] -- Symlinking: /home/trucnv/Documents/robot_dev/linorobot2_ws/install/drive_base_msgs/share/drive_base_msgs/package.dsv
[6.864s] -- Symlinking: /home/trucnv/Documents/robot_dev/linorobot2_ws/install/drive_base_msgs/share/ament_index/resource_index/packages/drive_base_msgs
[6.870s] -- Symlinking: /home/trucnv/Documents/robot_dev/linorobot2_ws/install/drive_base_msgs/share/drive_base_msgs/cmake/rosidl_cmake-extras.cmake
[6.876s] -- Symlinking: /home/trucnv/Documents/robot_dev/linorobot2_ws/install/drive_base_msgs/share/drive_base_msgs/cmake/ament_cmake_export_dependencies-extras.cmake
[6.883s] -- Symlinking: /home/trucnv/Documents/robot_dev/linorobot2_ws/install/drive_base_msgs/share/drive_base_msgs/cmake/ament_cmake_export_include_directories-extras.cmake
[6.888s] -- Symlinking: /home/trucnv/Documents/robot_dev/linorobot2_ws/install/drive_base_msgs/share/drive_base_msgs/cmake/ament_cmake_export_libraries-extras.cmake
[6.897s] -- Symlinking: /home/trucnv/Documents/robot_dev/linorobot2_ws/install/drive_base_msgs/share/drive_base_msgs/cmake/ament_cmake_export_targets-extras.cmake
[6.903s] -- Symlinking: /home/trucnv/Documents/robot_dev/linorobot2_ws/install/drive_base_msgs/share/drive_base_msgs/cmake/rosidl_cmake_export_typesupport_targets-extras.cmake
[6.909s] -- Symlinking: /home/trucnv/Documents/robot_dev/linorobot2_ws/install/drive_base_msgs/share/drive_base_msgs/cmake/rosidl_cmake_export_typesupport_libraries-extras.cmake
[6.917s] -- Symlinking: /home/trucnv/Documents/robot_dev/linorobot2_ws/install/drive_base_msgs/share/drive_base_msgs/cmake/drive_base_msgsConfig.cmake
[6.922s] -- Symlinking: /home/trucnv/Documents/robot_dev/linorobot2_ws/install/drive_base_msgs/share/drive_base_msgs/cmake/drive_base_msgsConfig-version.cmake
[6.927s] -- Symlinking: /home/trucnv/Documents/robot_dev/linorobot2_ws/install/drive_base_msgs/share/drive_base_msgs/package.xml
[6.934s] -- Installing: /home/trucnv/Documents/robot_dev/linorobot2_ws/install/drive_base_msgs/lib/libdrive_base_msgs__rosidl_generator_c.so
[6.934s] -- Set runtime path of "/home/trucnv/Documents/robot_dev/linorobot2_ws/install/drive_base_msgs/lib/libdrive_base_msgs__rosidl_generator_c.so" to ""
[6.934s] -- Installing: /home/trucnv/Documents/robot_dev/linorobot2_ws/install/drive_base_msgs/lib/libdrive_base_msgs__rosidl_typesupport_fastrtps_c.so
[6.934s] -- Set runtime path of "/home/trucnv/Documents/robot_dev/linorobot2_ws/install/drive_base_msgs/lib/libdrive_base_msgs__rosidl_typesupport_fastrtps_c.so" to ""
[6.934s] -- Installing: /home/trucnv/Documents/robot_dev/linorobot2_ws/install/drive_base_msgs/lib/libdrive_base_msgs__rosidl_typesupport_fastrtps_cpp.so
[6.934s] -- Set runtime path of "/home/trucnv/Documents/robot_dev/linorobot2_ws/install/drive_base_msgs/lib/libdrive_base_msgs__rosidl_typesupport_fastrtps_cpp.so" to ""
[6.934s] -- Installing: /home/trucnv/Documents/robot_dev/linorobot2_ws/install/drive_base_msgs/lib/libdrive_base_msgs__rosidl_typesupport_introspection_c.so
[6.934s] -- Set runtime path of "/home/trucnv/Documents/robot_dev/linorobot2_ws/install/drive_base_msgs/lib/libdrive_base_msgs__rosidl_typesupport_introspection_c.so" to ""
[6.934s] -- Installing: /home/trucnv/Documents/robot_dev/linorobot2_ws/install/drive_base_msgs/lib/libdrive_base_msgs__rosidl_typesupport_c.so
[6.934s] -- Set runtime path of "/home/trucnv/Documents/robot_dev/linorobot2_ws/install/drive_base_msgs/lib/libdrive_base_msgs__rosidl_typesupport_c.so" to ""
[6.934s] -- Installing: /home/trucnv/Documents/robot_dev/linorobot2_ws/install/drive_base_msgs/lib/libdrive_base_msgs__rosidl_typesupport_introspection_cpp.so
[6.934s] -- Set runtime path of "/home/trucnv/Documents/robot_dev/linorobot2_ws/install/drive_base_msgs/lib/libdrive_base_msgs__rosidl_typesupport_introspection_cpp.so" to ""
[6.934s] -- Installing: /home/trucnv/Documents/robot_dev/linorobot2_ws/install/drive_base_msgs/lib/libdrive_base_msgs__rosidl_typesupport_cpp.so
[6.934s] -- Set runtime path of "/home/trucnv/Documents/robot_dev/linorobot2_ws/install/drive_base_msgs/lib/libdrive_base_msgs__rosidl_typesupport_cpp.so" to ""
[6.962s] Listing '/home/trucnv/Documents/robot_dev/linorobot2_ws/install/drive_base_msgs/local/lib/python3.10/dist-packages/drive_base_msgs'...
[6.962s] Compiling '/home/trucnv/Documents/robot_dev/linorobot2_ws/install/drive_base_msgs/local/lib/python3.10/dist-packages/drive_base_msgs/__init__.py'...
[6.962s] Listing '/home/trucnv/Documents/robot_dev/linorobot2_ws/install/drive_base_msgs/local/lib/python3.10/dist-packages/drive_base_msgs/msg'...
[6.962s] Compiling '/home/trucnv/Documents/robot_dev/linorobot2_ws/install/drive_base_msgs/local/lib/python3.10/dist-packages/drive_base_msgs/msg/__init__.py'...
[6.962s] Compiling '/home/trucnv/Documents/robot_dev/linorobot2_ws/install/drive_base_msgs/local/lib/python3.10/dist-packages/drive_base_msgs/msg/_base_info.py'...
[6.962s] Compiling '/home/trucnv/Documents/robot_dev/linorobot2_ws/install/drive_base_msgs/local/lib/python3.10/dist-packages/drive_base_msgs/msg/_command_header.py'...
[6.962s] Compiling '/home/trucnv/Documents/robot_dev/linorobot2_ws/install/drive_base_msgs/local/lib/python3.10/dist-packages/drive_base_msgs/msg/_command_status.py'...
[6.962s] Compiling '/home/trucnv/Documents/robot_dev/linorobot2_ws/install/drive_base_msgs/local/lib/python3.10/dist-packages/drive_base_msgs/msg/_trv_command.py'...
[6.965s] -- Installing: /home/trucnv/Documents/robot_dev/linorobot2_ws/install/drive_base_msgs/lib/libdrive_base_msgs__rosidl_generator_py.so
[6.965s] -- Set runtime path of "/home/trucnv/Documents/robot_dev/linorobot2_ws/install/drive_base_msgs/lib/libdrive_base_msgs__rosidl_generator_py.so" to ""
[6.965s] -- Installing: /home/trucnv/Documents/robot_dev/linorobot2_ws/install/drive_base_msgs/share/drive_base_msgs/cmake/export_drive_base_msgs__rosidl_generator_cExport.cmake
[6.965s] -- Installing: /home/trucnv/Documents/robot_dev/linorobot2_ws/install/drive_base_msgs/share/drive_base_msgs/cmake/export_drive_base_msgs__rosidl_generator_cExport-noconfig.cmake
[6.965s] -- Installing: /home/trucnv/Documents/robot_dev/linorobot2_ws/install/drive_base_msgs/share/drive_base_msgs/cmake/export_drive_base_msgs__rosidl_typesupport_fastrtps_cExport.cmake
[6.965s] -- Installing: /home/trucnv/Documents/robot_dev/linorobot2_ws/install/drive_base_msgs/share/drive_base_msgs/cmake/export_drive_base_msgs__rosidl_typesupport_fastrtps_cExport-noconfig.cmake
[6.965s] -- Installing: /home/trucnv/Documents/robot_dev/linorobot2_ws/install/drive_base_msgs/share/drive_base_msgs/cmake/export_drive_base_msgs__rosidl_generator_cppExport.cmake
[6.965s] -- Installing: /home/trucnv/Documents/robot_dev/linorobot2_ws/install/drive_base_msgs/share/drive_base_msgs/cmake/export_drive_base_msgs__rosidl_typesupport_fastrtps_cppExport.cmake
[6.965s] -- Installing: /home/trucnv/Documents/robot_dev/linorobot2_ws/install/drive_base_msgs/share/drive_base_msgs/cmake/export_drive_base_msgs__rosidl_typesupport_fastrtps_cppExport-noconfig.cmake
[6.965s] -- Installing: /home/trucnv/Documents/robot_dev/linorobot2_ws/install/drive_base_msgs/share/drive_base_msgs/cmake/drive_base_msgs__rosidl_typesupport_introspection_cExport.cmake
[6.965s] -- Installing: /home/trucnv/Documents/robot_dev/linorobot2_ws/install/drive_base_msgs/share/drive_base_msgs/cmake/drive_base_msgs__rosidl_typesupport_introspection_cExport-noconfig.cmake
[6.965s] -- Installing: /home/trucnv/Documents/robot_dev/linorobot2_ws/install/drive_base_msgs/share/drive_base_msgs/cmake/drive_base_msgs__rosidl_typesupport_cExport.cmake
[6.965s] -- Installing: /home/trucnv/Documents/robot_dev/linorobot2_ws/install/drive_base_msgs/share/drive_base_msgs/cmake/drive_base_msgs__rosidl_typesupport_cExport-noconfig.cmake
[6.966s] -- Installing: /home/trucnv/Documents/robot_dev/linorobot2_ws/install/drive_base_msgs/share/drive_base_msgs/cmake/drive_base_msgs__rosidl_typesupport_introspection_cppExport.cmake
[6.966s] -- Installing: /home/trucnv/Documents/robot_dev/linorobot2_ws/install/drive_base_msgs/share/drive_base_msgs/cmake/drive_base_msgs__rosidl_typesupport_introspection_cppExport-noconfig.cmake
[6.966s] -- Installing: /home/trucnv/Documents/robot_dev/linorobot2_ws/install/drive_base_msgs/share/drive_base_msgs/cmake/drive_base_msgs__rosidl_typesupport_cppExport.cmake
[6.966s] -- Installing: /home/trucnv/Documents/robot_dev/linorobot2_ws/install/drive_base_msgs/share/drive_base_msgs/cmake/drive_base_msgs__rosidl_typesupport_cppExport-noconfig.cmake
[6.966s] -- Installing: /home/trucnv/Documents/robot_dev/linorobot2_ws/install/drive_base_msgs/share/drive_base_msgs/cmake/export_drive_base_msgs__rosidl_generator_pyExport.cmake
[6.966s] -- Installing: /home/trucnv/Documents/robot_dev/linorobot2_ws/install/drive_base_msgs/share/drive_base_msgs/cmake/export_drive_base_msgs__rosidl_generator_pyExport-noconfig.cmake
[6.968s] Invoked command in '/home/trucnv/Documents/robot_dev/linorobot2_ws/build/drive_base_msgs' returned '0': CMAKE_PREFIX_PATH=/opt/ros/humble /usr/bin/cmake --install /home/trucnv/Documents/robot_dev/linorobot2_ws/build/drive_base_msgs
